2023-10-23 22:31:51,661 INFO m.ApplicationManager [ApplicationManager.java:32] Test started on Chrome
2023-10-23 22:31:52,485 INFO m.ApplicationManager [ApplicationManager.java:39] Navigated to the link --->https://telranedu.web.app/home
2023-10-23 22:31:52,534 INFO t.TestBase [TestBase.java:33] Started test --->loginPositiveTestUserDTO
2023-10-23 22:31:52,535 INFO m.NGListener [NGListener.java:16] Start of the test ---> loginPositiveTestUserDTO
2023-10-23 22:31:52,536 INFO m.WDListener [WDListener.java:21] Start searching element by locator --->By.xpath: //*[.='LOGIN']
2023-10-23 22:31:52,553 INFO m.WDListener [WDListener.java:27] Element with locator --->By.xpath: //*[.='LOGIN']is found
2023-10-23 22:31:52,634 INFO m.WDListener [WDListener.java:21] Start searching element by locator --->By.xpath: //input[1]
2023-10-23 22:31:52,647 INFO m.WDListener [WDListener.java:27] Element with locator --->By.xpath: //input[1]is found
2023-10-23 22:31:52,804 INFO m.WDListener [WDListener.java:21] Start searching element by locator --->By.xpath: //input[2]
2023-10-23 22:31:52,817 INFO m.WDListener [WDListener.java:27] Element with locator --->By.xpath: //input[2]is found
2023-10-23 22:31:52,910 INFO m.WDListener [WDListener.java:21] Start searching element by locator --->By.xpath: //button[1]
2023-10-23 22:31:52,923 INFO m.WDListener [WDListener.java:27] Element with locator --->By.xpath: //button[1]is found
2023-10-23 22:31:55,961 INFO m.WDListener [WDListener.java:21] Start searching element by locator --->By.tagName: button
2023-10-23 22:31:55,978 INFO m.WDListener [WDListener.java:27] Element with locator --->By.tagName: buttonis found
2023-10-23 22:31:55,980 INFO m.NGListener [NGListener.java:22] Success test ---> loginPositiveTestUserDTO
2023-10-23 22:31:55,981 INFO t.TestBase [TestBase.java:38] Finished test --->loginPositiveTestUserDTO
2023-10-23 22:31:55,982 INFO t.TestBase [TestBase.java:39] ================================================
2023-10-23 22:31:55,982 INFO t.TestBase [TestBase.java:33] Started test --->loginPositiveTestUserDTO
2023-10-23 22:31:55,982 INFO m.NGListener [NGListener.java:16] Start of the test ---> loginPositiveTestUserDTO
2023-10-23 22:31:55,983 INFO m.WDListener [WDListener.java:21] Start searching element by locator --->By.xpath: //*[.='LOGIN']
2023-10-23 22:31:59,051 INFO m.WDListener [WDListener.java:33] Something went wrong!!!
2023-10-23 22:31:59,052 INFO m.WDListener [WDListener.java:34] no such element: Unable to locate element: {"method":"xpath","selector":"//*[.='LOGIN']"}
  (Session info: chrome=118.0.5993.96)
For documentation on this error, please visit: https://www.seleniumhq.org/exceptions/no_such_element.html
Build info: version: '3.141.59', revision: 'e82be7d358', time: '2018-11-14T08:17:03'
System info: host: 'Elenas-MacBook-Pro.local', ip: '2a06:c701:479f:b100:1cc7:84f8:259f:7d0e%en0', os.name: 'Mac OS X', os.arch: 'x86_64', os.version: '12.6.1', java.version: '1.8.0_333'
Driver info: org.openqa.selenium.chrome.ChromeDriver
Capabilities {acceptInsecureCerts: false, browserName: chrome, browserVersion: 118.0.5993.96, chrome: {chromedriverVersion: 118.0.5993.70 (e52f33f30b91..., userDataDir: /var/folders/s_/zy5ffsj13lg...}, fedcm:accounts: true, goog:chromeOptions: {debuggerAddress: localhost:59830}, javascriptEnabled: true, networkConnectionEnabled: false, pageLoadStrategy: normal, platform: MAC, platformName: MAC, proxy: Proxy(), setWindowRect: true, strictFileInteractability: false, timeouts: {implicit: 0, pageLoad: 300000, script: 30000}, unhandledPromptBehavior: dismiss and notify, webauthn:extension:credBlob: true, webauthn:extension:largeBlob: true, webauthn:extension:minPinLength: true, webauthn:extension:prf: true, webauthn:virtualAuthenticators: true}
Session ID: 281b49b1d813dabf2aa60a061e593033
*** Element info: {Using=xpath, value=//*[.='LOGIN']}
2023-10-23 22:31:59,052 INFO m.WDListener [WDListener.java:35] org.openqa.selenium.NoSuchElementException: no such element: Unable to locate element: {"method":"xpath","selector":"//*[.='LOGIN']"}
  (Session info: chrome=118.0.5993.96)
For documentation on this error, please visit: https://www.seleniumhq.org/exceptions/no_such_element.html
Build info: version: '3.141.59', revision: 'e82be7d358', time: '2018-11-14T08:17:03'
System info: host: 'Elenas-MacBook-Pro.local', ip: '2a06:c701:479f:b100:1cc7:84f8:259f:7d0e%en0', os.name: 'Mac OS X', os.arch: 'x86_64', os.version: '12.6.1', java.version: '1.8.0_333'
Driver info: org.openqa.selenium.chrome.ChromeDriver
Capabilities {acceptInsecureCerts: false, browserName: chrome, browserVersion: 118.0.5993.96, chrome: {chromedriverVersion: 118.0.5993.70 (e52f33f30b91..., userDataDir: /var/folders/s_/zy5ffsj13lg...}, fedcm:accounts: true, goog:chromeOptions: {debuggerAddress: localhost:59830}, javascriptEnabled: true, networkConnectionEnabled: false, pageLoadStrategy: normal, platform: MAC, platformName: MAC, proxy: Proxy(), setWindowRect: true, strictFileInteractability: false, timeouts: {implicit: 0, pageLoad: 300000, script: 30000}, unhandledPromptBehavior: dismiss and notify, webauthn:extension:credBlob: true, webauthn:extension:largeBlob: true, webauthn:extension:minPinLength: true, webauthn:extension:prf: true, webauthn:virtualAuthenticators: true}
Session ID: 281b49b1d813dabf2aa60a061e593033
*** Element info: {Using=xpath, value=//*[.='LOGIN']}
2023-10-23 22:31:59,708 INFO m.WDListener [WDListener.java:40] Here is the path to screenshot with error --->src/test/screenshots/screenshot-1919.png
2023-10-23 22:31:59,709 INFO m.NGListener [NGListener.java:28] Failure test ---> org.openqa.selenium.NoSuchElementException: no such element: Unable to locate element: {"method":"xpath","selector":"//*[.='LOGIN']"}
  (Session info: chrome=118.0.5993.96)
For documentation on this error, please visit: https://www.seleniumhq.org/exceptions/no_such_element.html
Build info: version: '3.141.59', revision: 'e82be7d358', time: '2018-11-14T08:17:03'
System info: host: 'Elenas-MacBook-Pro.local', ip: '2a06:c701:479f:b100:1cc7:84f8:259f:7d0e%en0', os.name: 'Mac OS X', os.arch: 'x86_64', os.version: '12.6.1', java.version: '1.8.0_333'
Driver info: org.openqa.selenium.chrome.ChromeDriver
Capabilities {acceptInsecureCerts: false, browserName: chrome, browserVersion: 118.0.5993.96, chrome: {chromedriverVersion: 118.0.5993.70 (e52f33f30b91..., userDataDir: /var/folders/s_/zy5ffsj13lg...}, fedcm:accounts: true, goog:chromeOptions: {debuggerAddress: localhost:59830}, javascriptEnabled: true, networkConnectionEnabled: false, pageLoadStrategy: normal, platform: MAC, platformName: MAC, proxy: Proxy(), setWindowRect: true, strictFileInteractability: false, timeouts: {implicit: 0, pageLoad: 300000, script: 30000}, unhandledPromptBehavior: dismiss and notify, webauthn:extension:credBlob: true, webauthn:extension:largeBlob: true, webauthn:extension:minPinLength: true, webauthn:extension:prf: true, webauthn:virtualAuthenticators: true}
Session ID: 281b49b1d813dabf2aa60a061e593033
*** Element info: {Using=xpath, value=//*[.='LOGIN']}
2023-10-23 22:31:59,710 INFO t.TestBase [TestBase.java:38] Finished test --->loginPositiveTestUserDTO
2023-10-23 22:31:59,710 INFO t.TestBase [TestBase.java:39] ================================================
2023-10-23 22:31:59,711 INFO t.TestBase [TestBase.java:33] Started test --->loginPositiveTestUserDTO
2023-10-23 22:31:59,712 INFO m.NGListener [NGListener.java:16] Start of the test ---> loginPositiveTestUserDTO
2023-10-23 22:31:59,712 INFO m.WDListener [WDListener.java:21] Start searching element by locator --->By.xpath: //*[.='LOGIN']
2023-10-23 22:32:02,747 INFO m.WDListener [WDListener.java:33] Something went wrong!!!
2023-10-23 22:32:02,747 INFO m.WDListener [WDListener.java:34] no such element: Unable to locate element: {"method":"xpath","selector":"//*[.='LOGIN']"}
  (Session info: chrome=118.0.5993.96)
For documentation on this error, please visit: https://www.seleniumhq.org/exceptions/no_such_element.html
Build info: version: '3.141.59', revision: 'e82be7d358', time: '2018-11-14T08:17:03'
System info: host: 'Elenas-MacBook-Pro.local', ip: '2a06:c701:479f:b100:1cc7:84f8:259f:7d0e%en0', os.name: 'Mac OS X', os.arch: 'x86_64', os.version: '12.6.1', java.version: '1.8.0_333'
Driver info: org.openqa.selenium.chrome.ChromeDriver
Capabilities {acceptInsecureCerts: false, browserName: chrome, browserVersion: 118.0.5993.96, chrome: {chromedriverVersion: 118.0.5993.70 (e52f33f30b91..., userDataDir: /var/folders/s_/zy5ffsj13lg...}, fedcm:accounts: true, goog:chromeOptions: {debuggerAddress: localhost:59830}, javascriptEnabled: true, networkConnectionEnabled: false, pageLoadStrategy: normal, platform: MAC, platformName: MAC, proxy: Proxy(), setWindowRect: true, strictFileInteractability: false, timeouts: {implicit: 0, pageLoad: 300000, script: 30000}, unhandledPromptBehavior: dismiss and notify, webauthn:extension:credBlob: true, webauthn:extension:largeBlob: true, webauthn:extension:minPinLength: true, webauthn:extension:prf: true, webauthn:virtualAuthenticators: true}
Session ID: 281b49b1d813dabf2aa60a061e593033
*** Element info: {Using=xpath, value=//*[.='LOGIN']}
2023-10-23 22:32:02,747 INFO m.WDListener [WDListener.java:35] org.openqa.selenium.NoSuchElementException: no such element: Unable to locate element: {"method":"xpath","selector":"//*[.='LOGIN']"}
  (Session info: chrome=118.0.5993.96)
For documentation on this error, please visit: https://www.seleniumhq.org/exceptions/no_such_element.html
Build info: version: '3.141.59', revision: 'e82be7d358', time: '2018-11-14T08:17:03'
System info: host: 'Elenas-MacBook-Pro.local', ip: '2a06:c701:479f:b100:1cc7:84f8:259f:7d0e%en0', os.name: 'Mac OS X', os.arch: 'x86_64', os.version: '12.6.1', java.version: '1.8.0_333'
Driver info: org.openqa.selenium.chrome.ChromeDriver
Capabilities {acceptInsecureCerts: false, browserName: chrome, browserVersion: 118.0.5993.96, chrome: {chromedriverVersion: 118.0.5993.70 (e52f33f30b91..., userDataDir: /var/folders/s_/zy5ffsj13lg...}, fedcm:accounts: true, goog:chromeOptions: {debuggerAddress: localhost:59830}, javascriptEnabled: true, networkConnectionEnabled: false, pageLoadStrategy: normal, platform: MAC, platformName: MAC, proxy: Proxy(), setWindowRect: true, strictFileInteractability: false, timeouts: {implicit: 0, pageLoad: 300000, script: 30000}, unhandledPromptBehavior: dismiss and notify, webauthn:extension:credBlob: true, webauthn:extension:largeBlob: true, webauthn:extension:minPinLength: true, webauthn:extension:prf: true, webauthn:virtualAuthenticators: true}
Session ID: 281b49b1d813dabf2aa60a061e593033
*** Element info: {Using=xpath, value=//*[.='LOGIN']}
2023-10-23 22:32:03,342 INFO m.WDListener [WDListener.java:40] Here is the path to screenshot with error --->src/test/screenshots/screenshot-1922.png
2023-10-23 22:32:03,343 INFO m.NGListener [NGListener.java:28] Failure test ---> org.openqa.selenium.NoSuchElementException: no such element: Unable to locate element: {"method":"xpath","selector":"//*[.='LOGIN']"}
  (Session info: chrome=118.0.5993.96)
For documentation on this error, please visit: https://www.seleniumhq.org/exceptions/no_such_element.html
Build info: version: '3.141.59', revision: 'e82be7d358', time: '2018-11-14T08:17:03'
System info: host: 'Elenas-MacBook-Pro.local', ip: '2a06:c701:479f:b100:1cc7:84f8:259f:7d0e%en0', os.name: 'Mac OS X', os.arch: 'x86_64', os.version: '12.6.1', java.version: '1.8.0_333'
Driver info: org.openqa.selenium.chrome.ChromeDriver
Capabilities {acceptInsecureCerts: false, browserName: chrome, browserVersion: 118.0.5993.96, chrome: {chromedriverVersion: 118.0.5993.70 (e52f33f30b91..., userDataDir: /var/folders/s_/zy5ffsj13lg...}, fedcm:accounts: true, goog:chromeOptions: {debuggerAddress: localhost:59830}, javascriptEnabled: true, networkConnectionEnabled: false, pageLoadStrategy: normal, platform: MAC, platformName: MAC, proxy: Proxy(), setWindowRect: true, strictFileInteractability: false, timeouts: {implicit: 0, pageLoad: 300000, script: 30000}, unhandledPromptBehavior: dismiss and notify, webauthn:extension:credBlob: true, webauthn:extension:largeBlob: true, webauthn:extension:minPinLength: true, webauthn:extension:prf: true, webauthn:virtualAuthenticators: true}
Session ID: 281b49b1d813dabf2aa60a061e593033
*** Element info: {Using=xpath, value=//*[.='LOGIN']}
2023-10-23 22:32:03,344 INFO t.TestBase [TestBase.java:38] Finished test --->loginPositiveTestUserDTO
2023-10-23 22:32:03,344 INFO t.TestBase [TestBase.java:39] ================================================
2023-10-23 22:32:03,483 INFO m.ApplicationManager [ApplicationManager.java:47] Tests completed
