2023-10-23 22:28:47,809 INFO m.ApplicationManager [ApplicationManager.java:32] Test started on Chrome
2023-10-23 22:28:49,300 INFO m.ApplicationManager [ApplicationManager.java:39] Navigated to the link --->https://telranedu.web.app/home
2023-10-23 22:28:49,361 INFO t.TestBase [TestBase.java:33] Started test --->loginPositiveTestUserDTO
2023-10-23 22:28:49,363 INFO m.NGListener [NGListener.java:16] Start of the test ---> loginPositiveTestUserDTO
2023-10-23 22:28:49,364 INFO m.WDListener [WDListener.java:21] Start searching element by locator --->By.xpath: //*[.='LOGIN']
2023-10-23 22:28:49,388 INFO m.WDListener [WDListener.java:27] Element with locator --->By.xpath: //*[.='LOGIN']is found
2023-10-23 22:28:49,515 INFO m.WDListener [WDListener.java:21] Start searching element by locator --->By.xpath: //input[1]
2023-10-23 22:28:49,531 INFO m.WDListener [WDListener.java:27] Element with locator --->By.xpath: //input[1]is found
2023-10-23 22:28:49,757 INFO m.WDListener [WDListener.java:21] Start searching element by locator --->By.xpath: //input[2]
2023-10-23 22:28:49,773 INFO m.WDListener [WDListener.java:27] Element with locator --->By.xpath: //input[2]is found
2023-10-23 22:28:49,891 INFO m.WDListener [WDListener.java:21] Start searching element by locator --->By.xpath: //button[1]
2023-10-23 22:28:49,907 INFO m.WDListener [WDListener.java:27] Element with locator --->By.xpath: //button[1]is found
2023-10-23 22:28:52,958 INFO m.WDListener [WDListener.java:21] Start searching element by locator --->By.tagName: button
2023-10-23 22:28:52,976 INFO m.WDListener [WDListener.java:27] Element with locator --->By.tagName: buttonis found
2023-10-23 22:28:52,979 INFO m.NGListener [NGListener.java:22] Success test ---> loginPositiveTestUserDTO
2023-10-23 22:28:52,980 INFO t.TestBase [TestBase.java:38] Finished test --->loginPositiveTestUserDTO
2023-10-23 22:28:52,981 INFO t.TestBase [TestBase.java:39] ================================================
2023-10-23 22:28:52,982 INFO t.TestBase [TestBase.java:33] Started test --->loginPositiveTestUserDTO
2023-10-23 22:28:52,982 INFO m.NGListener [NGListener.java:16] Start of the test ---> loginPositiveTestUserDTO
2023-10-23 22:28:52,983 INFO m.WDListener [WDListener.java:21] Start searching element by locator --->By.xpath: //*[.='LOGIN']
2023-10-23 22:28:56,035 INFO m.WDListener [WDListener.java:33] Something went wrong!!!
2023-10-23 22:28:56,036 INFO m.WDListener [WDListener.java:34] no such element: Unable to locate element: {"method":"xpath","selector":"//*[.='LOGIN']"}
  (Session info: chrome=118.0.5993.96)
For documentation on this error, please visit: https://www.seleniumhq.org/exceptions/no_such_element.html
Build info: version: '3.141.59', revision: 'e82be7d358', time: '2018-11-14T08:17:03'
System info: host: 'Elenas-MacBook-Pro.local', ip: '2a06:c701:479f:b100:1cc7:84f8:259f:7d0e%en0', os.name: 'Mac OS X', os.arch: 'x86_64', os.version: '12.6.1', java.version: '1.8.0_333'
Driver info: org.openqa.selenium.chrome.ChromeDriver
Capabilities {acceptInsecureCerts: false, browserName: chrome, browserVersion: 118.0.5993.96, chrome: {chromedriverVersion: 118.0.5993.70 (e52f33f30b91..., userDataDir: /var/folders/s_/zy5ffsj13lg...}, fedcm:accounts: true, goog:chromeOptions: {debuggerAddress: localhost:59795}, javascriptEnabled: true, networkConnectionEnabled: false, pageLoadStrategy: normal, platform: MAC, platformName: MAC, proxy: Proxy(), setWindowRect: true, strictFileInteractability: false, timeouts: {implicit: 0, pageLoad: 300000, script: 30000}, unhandledPromptBehavior: dismiss and notify, webauthn:extension:credBlob: true, webauthn:extension:largeBlob: true, webauthn:extension:minPinLength: true, webauthn:extension:prf: true, webauthn:virtualAuthenticators: true}
Session ID: 1c0baac628f1251df6558d07fec07745
*** Element info: {Using=xpath, value=//*[.='LOGIN']}
2023-10-23 22:28:56,037 INFO m.WDListener [WDListener.java:35] org.openqa.selenium.NoSuchElementException: no such element: Unable to locate element: {"method":"xpath","selector":"//*[.='LOGIN']"}
  (Session info: chrome=118.0.5993.96)
For documentation on this error, please visit: https://www.seleniumhq.org/exceptions/no_such_element.html
Build info: version: '3.141.59', revision: 'e82be7d358', time: '2018-11-14T08:17:03'
System info: host: 'Elenas-MacBook-Pro.local', ip: '2a06:c701:479f:b100:1cc7:84f8:259f:7d0e%en0', os.name: 'Mac OS X', os.arch: 'x86_64', os.version: '12.6.1', java.version: '1.8.0_333'
Driver info: org.openqa.selenium.chrome.ChromeDriver
Capabilities {acceptInsecureCerts: false, browserName: chrome, browserVersion: 118.0.5993.96, chrome: {chromedriverVersion: 118.0.5993.70 (e52f33f30b91..., userDataDir: /var/folders/s_/zy5ffsj13lg...}, fedcm:accounts: true, goog:chromeOptions: {debuggerAddress: localhost:59795}, javascriptEnabled: true, networkConnectionEnabled: false, pageLoadStrategy: normal, platform: MAC, platformName: MAC, proxy: Proxy(), setWindowRect: true, strictFileInteractability: false, timeouts: {implicit: 0, pageLoad: 300000, script: 30000}, unhandledPromptBehavior: dismiss and notify, webauthn:extension:credBlob: true, webauthn:extension:largeBlob: true, webauthn:extension:minPinLength: true, webauthn:extension:prf: true, webauthn:virtualAuthenticators: true}
Session ID: 1c0baac628f1251df6558d07fec07745
*** Element info: {Using=xpath, value=//*[.='LOGIN']}
2023-10-23 22:28:56,734 INFO m.WDListener [WDListener.java:40] Here is the path to screenshot with error --->src/test/screenshots/screenshot-1736.png
2023-10-23 22:28:56,736 INFO m.NGListener [NGListener.java:28] Failure test ---> org.openqa.selenium.NoSuchElementException: no such element: Unable to locate element: {"method":"xpath","selector":"//*[.='LOGIN']"}
  (Session info: chrome=118.0.5993.96)
For documentation on this error, please visit: https://www.seleniumhq.org/exceptions/no_such_element.html
Build info: version: '3.141.59', revision: 'e82be7d358', time: '2018-11-14T08:17:03'
System info: host: 'Elenas-MacBook-Pro.local', ip: '2a06:c701:479f:b100:1cc7:84f8:259f:7d0e%en0', os.name: 'Mac OS X', os.arch: 'x86_64', os.version: '12.6.1', java.version: '1.8.0_333'
Driver info: org.openqa.selenium.chrome.ChromeDriver
Capabilities {acceptInsecureCerts: false, browserName: chrome, browserVersion: 118.0.5993.96, chrome: {chromedriverVersion: 118.0.5993.70 (e52f33f30b91..., userDataDir: /var/folders/s_/zy5ffsj13lg...}, fedcm:accounts: true, goog:chromeOptions: {debuggerAddress: localhost:59795}, javascriptEnabled: true, networkConnectionEnabled: false, pageLoadStrategy: normal, platform: MAC, platformName: MAC, proxy: Proxy(), setWindowRect: true, strictFileInteractability: false, timeouts: {implicit: 0, pageLoad: 300000, script: 30000}, unhandledPromptBehavior: dismiss and notify, webauthn:extension:credBlob: true, webauthn:extension:largeBlob: true, webauthn:extension:minPinLength: true, webauthn:extension:prf: true, webauthn:virtualAuthenticators: true}
Session ID: 1c0baac628f1251df6558d07fec07745
*** Element info: {Using=xpath, value=//*[.='LOGIN']}
2023-10-23 22:28:56,737 INFO t.TestBase [TestBase.java:38] Finished test --->loginPositiveTestUserDTO
2023-10-23 22:28:56,738 INFO t.TestBase [TestBase.java:39] ================================================
2023-10-23 22:28:56,739 INFO t.TestBase [TestBase.java:33] Started test --->loginPositiveTestUserDTO
2023-10-23 22:28:56,739 INFO m.NGListener [NGListener.java:16] Start of the test ---> loginPositiveTestUserDTO
2023-10-23 22:28:56,739 INFO m.WDListener [WDListener.java:21] Start searching element by locator --->By.xpath: //*[.='LOGIN']
2023-10-23 22:28:59,798 INFO m.WDListener [WDListener.java:33] Something went wrong!!!
2023-10-23 22:28:59,798 INFO m.WDListener [WDListener.java:34] no such element: Unable to locate element: {"method":"xpath","selector":"//*[.='LOGIN']"}
  (Session info: chrome=118.0.5993.96)
For documentation on this error, please visit: https://www.seleniumhq.org/exceptions/no_such_element.html
Build info: version: '3.141.59', revision: 'e82be7d358', time: '2018-11-14T08:17:03'
System info: host: 'Elenas-MacBook-Pro.local', ip: '2a06:c701:479f:b100:1cc7:84f8:259f:7d0e%en0', os.name: 'Mac OS X', os.arch: 'x86_64', os.version: '12.6.1', java.version: '1.8.0_333'
Driver info: org.openqa.selenium.chrome.ChromeDriver
Capabilities {acceptInsecureCerts: false, browserName: chrome, browserVersion: 118.0.5993.96, chrome: {chromedriverVersion: 118.0.5993.70 (e52f33f30b91..., userDataDir: /var/folders/s_/zy5ffsj13lg...}, fedcm:accounts: true, goog:chromeOptions: {debuggerAddress: localhost:59795}, javascriptEnabled: true, networkConnectionEnabled: false, pageLoadStrategy: normal, platform: MAC, platformName: MAC, proxy: Proxy(), setWindowRect: true, strictFileInteractability: false, timeouts: {implicit: 0, pageLoad: 300000, script: 30000}, unhandledPromptBehavior: dismiss and notify, webauthn:extension:credBlob: true, webauthn:extension:largeBlob: true, webauthn:extension:minPinLength: true, webauthn:extension:prf: true, webauthn:virtualAuthenticators: true}
Session ID: 1c0baac628f1251df6558d07fec07745
*** Element info: {Using=xpath, value=//*[.='LOGIN']}
2023-10-23 22:28:59,799 INFO m.WDListener [WDListener.java:35] org.openqa.selenium.NoSuchElementException: no such element: Unable to locate element: {"method":"xpath","selector":"//*[.='LOGIN']"}
  (Session info: chrome=118.0.5993.96)
For documentation on this error, please visit: https://www.seleniumhq.org/exceptions/no_such_element.html
Build info: version: '3.141.59', revision: 'e82be7d358', time: '2018-11-14T08:17:03'
System info: host: 'Elenas-MacBook-Pro.local', ip: '2a06:c701:479f:b100:1cc7:84f8:259f:7d0e%en0', os.name: 'Mac OS X', os.arch: 'x86_64', os.version: '12.6.1', java.version: '1.8.0_333'
Driver info: org.openqa.selenium.chrome.ChromeDriver
Capabilities {acceptInsecureCerts: false, browserName: chrome, browserVersion: 118.0.5993.96, chrome: {chromedriverVersion: 118.0.5993.70 (e52f33f30b91..., userDataDir: /var/folders/s_/zy5ffsj13lg...}, fedcm:accounts: true, goog:chromeOptions: {debuggerAddress: localhost:59795}, javascriptEnabled: true, networkConnectionEnabled: false, pageLoadStrategy: normal, platform: MAC, platformName: MAC, proxy: Proxy(), setWindowRect: true, strictFileInteractability: false, timeouts: {implicit: 0, pageLoad: 300000, script: 30000}, unhandledPromptBehavior: dismiss and notify, webauthn:extension:credBlob: true, webauthn:extension:largeBlob: true, webauthn:extension:minPinLength: true, webauthn:extension:prf: true, webauthn:virtualAuthenticators: true}
Session ID: 1c0baac628f1251df6558d07fec07745
*** Element info: {Using=xpath, value=//*[.='LOGIN']}
2023-10-23 22:29:00,459 INFO m.WDListener [WDListener.java:40] Here is the path to screenshot with error --->src/test/screenshots/screenshot-1739.png
2023-10-23 22:29:00,460 INFO m.NGListener [NGListener.java:28] Failure test ---> org.openqa.selenium.NoSuchElementException: no such element: Unable to locate element: {"method":"xpath","selector":"//*[.='LOGIN']"}
  (Session info: chrome=118.0.5993.96)
For documentation on this error, please visit: https://www.seleniumhq.org/exceptions/no_such_element.html
Build info: version: '3.141.59', revision: 'e82be7d358', time: '2018-11-14T08:17:03'
System info: host: 'Elenas-MacBook-Pro.local', ip: '2a06:c701:479f:b100:1cc7:84f8:259f:7d0e%en0', os.name: 'Mac OS X', os.arch: 'x86_64', os.version: '12.6.1', java.version: '1.8.0_333'
Driver info: org.openqa.selenium.chrome.ChromeDriver
Capabilities {acceptInsecureCerts: false, browserName: chrome, browserVersion: 118.0.5993.96, chrome: {chromedriverVersion: 118.0.5993.70 (e52f33f30b91..., userDataDir: /var/folders/s_/zy5ffsj13lg...}, fedcm:accounts: true, goog:chromeOptions: {debuggerAddress: localhost:59795}, javascriptEnabled: true, networkConnectionEnabled: false, pageLoadStrategy: normal, platform: MAC, platformName: MAC, proxy: Proxy(), setWindowRect: true, strictFileInteractability: false, timeouts: {implicit: 0, pageLoad: 300000, script: 30000}, unhandledPromptBehavior: dismiss and notify, webauthn:extension:credBlob: true, webauthn:extension:largeBlob: true, webauthn:extension:minPinLength: true, webauthn:extension:prf: true, webauthn:virtualAuthenticators: true}
Session ID: 1c0baac628f1251df6558d07fec07745
*** Element info: {Using=xpath, value=//*[.='LOGIN']}
2023-10-23 22:29:00,461 INFO t.TestBase [TestBase.java:38] Finished test --->loginPositiveTestUserDTO
2023-10-23 22:29:00,461 INFO t.TestBase [TestBase.java:39] ================================================
2023-10-23 22:29:00,653 INFO m.ApplicationManager [ApplicationManager.java:47] Tests completed
