2023-10-23 19:46:57,933 INFO m.ApplicationManager [ApplicationManager.java:32] Test started on Chrome
2023-10-23 19:46:58,829 INFO m.ApplicationManager [ApplicationManager.java:39] Navigated to the link --->https://telranedu.web.app/home
2023-10-23 19:46:58,878 INFO t.TestBase [TestBase.java:33] Started test --->addNewContactPositive
2023-10-23 19:46:58,882 INFO m.WDListener [WDListener.java:21] Start searching element by locator --->By.xpath: //*[.='Sign Out']
2023-10-23 19:47:01,910 INFO m.WDListener [WDListener.java:27] Element with locator --->By.xpath: //*[.='Sign Out']is found
2023-10-23 19:47:01,911 INFO m.WDListener [WDListener.java:21] Start searching element by locator --->By.xpath: //*[.='LOGIN']
2023-10-23 19:47:01,926 INFO m.WDListener [WDListener.java:27] Element with locator --->By.xpath: //*[.='LOGIN']is found
2023-10-23 19:47:01,998 INFO m.WDListener [WDListener.java:21] Start searching element by locator --->By.xpath: //input[1]
2023-10-23 19:47:02,021 INFO m.WDListener [WDListener.java:27] Element with locator --->By.xpath: //input[1]is found
2023-10-23 19:47:02,306 INFO m.WDListener [WDListener.java:21] Start searching element by locator --->By.xpath: //input[2]
2023-10-23 19:47:02,321 INFO m.WDListener [WDListener.java:27] Element with locator --->By.xpath: //input[2]is found
2023-10-23 19:47:02,449 INFO m.WDListener [WDListener.java:21] Start searching element by locator --->By.xpath: //button[1]
2023-10-23 19:47:02,465 INFO m.WDListener [WDListener.java:27] Element with locator --->By.xpath: //button[1]is found
2023-10-23 19:47:02,506 INFO m.NGListener [NGListener.java:16] Start of the test ---> addNewContactPositive
2023-10-23 19:47:02,508 INFO m.WDListener [WDListener.java:21] Start searching element by locator --->By.xpath: //a[.='ADD']
2023-10-23 19:47:04,005 INFO m.WDListener [WDListener.java:27] Element with locator --->By.xpath: //a[.='ADD']is found
2023-10-23 19:47:04,062 INFO m.WDListener [WDListener.java:21] Start searching element by locator --->By.cssSelector: [placeholder='Name']
2023-10-23 19:47:04,078 INFO m.WDListener [WDListener.java:27] Element with locator --->By.cssSelector: [placeholder='Name']is found
2023-10-23 19:47:04,183 INFO m.WDListener [WDListener.java:21] Start searching element by locator --->By.cssSelector: [placeholder='Last Name']
2023-10-23 19:47:04,208 INFO m.WDListener [WDListener.java:27] Element with locator --->By.cssSelector: [placeholder='Last Name']is found
2023-10-23 19:47:04,294 INFO m.WDListener [WDListener.java:21] Start searching element by locator --->By.cssSelector: [placeholder='Phone']
2023-10-23 19:47:04,305 INFO m.WDListener [WDListener.java:27] Element with locator --->By.cssSelector: [placeholder='Phone']is found
2023-10-23 19:47:04,415 INFO m.WDListener [WDListener.java:21] Start searching element by locator --->By.cssSelector: [placeholder='email']
2023-10-23 19:47:04,428 INFO m.WDListener [WDListener.java:27] Element with locator --->By.cssSelector: [placeholder='email']is found
2023-10-23 19:47:04,535 INFO m.WDListener [WDListener.java:21] Start searching element by locator --->By.cssSelector: [placeholder='Address']
2023-10-23 19:47:04,548 INFO m.WDListener [WDListener.java:27] Element with locator --->By.cssSelector: [placeholder='Address']is found
2023-10-23 19:47:04,635 INFO m.WDListener [WDListener.java:21] Start searching element by locator --->By.cssSelector: [placeholder='description']
2023-10-23 19:47:04,648 INFO m.WDListener [WDListener.java:27] Element with locator --->By.cssSelector: [placeholder='description']is found
2023-10-23 19:47:04,725 INFO m.WDListener [WDListener.java:21] Start searching element by locator --->By.xpath: //button[.='Save']
2023-10-23 19:47:04,751 INFO m.WDListener [WDListener.java:27] Element with locator --->By.xpath: //button[.='Save']is found
2023-10-23 19:47:04,780 INFO m.WDListener [WDListener.java:21] Start searching element by locator --->By.xpath: //div[@class='contact-item_card__2SOIM'][last()]//h3
2023-10-23 19:47:05,748 INFO m.WDListener [WDListener.java:27] Element with locator --->By.xpath: //div[@class='contact-item_card__2SOIM'][last()]//h3is found
2023-10-23 19:47:05,763 INFO m.NGListener [NGListener.java:22] Success test ---> addNewContactPositive
2023-10-23 19:47:05,763 INFO t.TestBase [TestBase.java:38] Finished test --->addNewContactPositive
2023-10-23 19:47:05,764 INFO t.TestBase [TestBase.java:39] ================================================
2023-10-23 19:47:05,764 INFO t.TestBase [TestBase.java:33] Started test --->addNewContactPositive
2023-10-23 19:47:05,765 INFO m.WDListener [WDListener.java:21] Start searching element by locator --->By.xpath: //*[.='Sign Out']
2023-10-23 19:47:05,775 INFO m.WDListener [WDListener.java:27] Element with locator --->By.xpath: //*[.='Sign Out']is found
2023-10-23 19:47:05,776 INFO m.NGListener [NGListener.java:16] Start of the test ---> addNewContactPositive
2023-10-23 19:47:05,777 INFO m.WDListener [WDListener.java:21] Start searching element by locator --->By.xpath: //a[.='ADD']
2023-10-23 19:47:05,790 INFO m.WDListener [WDListener.java:27] Element with locator --->By.xpath: //a[.='ADD']is found
2023-10-23 19:47:05,822 INFO m.WDListener [WDListener.java:21] Start searching element by locator --->By.cssSelector: [placeholder='Name']
2023-10-23 19:47:05,840 INFO m.WDListener [WDListener.java:27] Element with locator --->By.cssSelector: [placeholder='Name']is found
2023-10-23 19:47:05,951 INFO m.WDListener [WDListener.java:21] Start searching element by locator --->By.cssSelector: [placeholder='Last Name']
2023-10-23 19:47:05,963 INFO m.WDListener [WDListener.java:27] Element with locator --->By.cssSelector: [placeholder='Last Name']is found
2023-10-23 19:47:06,058 INFO m.WDListener [WDListener.java:21] Start searching element by locator --->By.cssSelector: [placeholder='Phone']
2023-10-23 19:47:06,068 INFO m.WDListener [WDListener.java:27] Element with locator --->By.cssSelector: [placeholder='Phone']is found
2023-10-23 19:47:06,160 INFO m.WDListener [WDListener.java:21] Start searching element by locator --->By.cssSelector: [placeholder='email']
2023-10-23 19:47:06,168 INFO m.WDListener [WDListener.java:27] Element with locator --->By.cssSelector: [placeholder='email']is found
2023-10-23 19:47:06,286 INFO m.WDListener [WDListener.java:21] Start searching element by locator --->By.cssSelector: [placeholder='Address']
2023-10-23 19:47:06,295 INFO m.WDListener [WDListener.java:27] Element with locator --->By.cssSelector: [placeholder='Address']is found
2023-10-23 19:47:06,377 INFO m.WDListener [WDListener.java:21] Start searching element by locator --->By.cssSelector: [placeholder='description']
2023-10-23 19:47:06,386 INFO m.WDListener [WDListener.java:27] Element with locator --->By.cssSelector: [placeholder='description']is found
2023-10-23 19:47:06,484 INFO m.WDListener [WDListener.java:21] Start searching element by locator --->By.xpath: //button[.='Save']
2023-10-23 19:47:06,495 INFO m.WDListener [WDListener.java:27] Element with locator --->By.xpath: //button[.='Save']is found
2023-10-23 19:47:06,520 INFO m.WDListener [WDListener.java:21] Start searching element by locator --->By.xpath: //div[@class='contact-item_card__2SOIM'][last()]//h3
2023-10-23 19:47:07,302 INFO m.WDListener [WDListener.java:27] Element with locator --->By.xpath: //div[@class='contact-item_card__2SOIM'][last()]//h3is found
2023-10-23 19:47:07,310 INFO m.NGListener [NGListener.java:22] Success test ---> addNewContactPositive
2023-10-23 19:47:07,311 INFO t.TestBase [TestBase.java:38] Finished test --->addNewContactPositive
2023-10-23 19:47:07,312 INFO t.TestBase [TestBase.java:39] ================================================
2023-10-23 19:47:07,313 INFO t.TestBase [TestBase.java:33] Started test --->addNewContactPositive
2023-10-23 19:47:07,314 INFO m.WDListener [WDListener.java:21] Start searching element by locator --->By.xpath: //*[.='Sign Out']
2023-10-23 19:47:07,322 INFO m.WDListener [WDListener.java:27] Element with locator --->By.xpath: //*[.='Sign Out']is found
2023-10-23 19:47:07,322 INFO m.NGListener [NGListener.java:16] Start of the test ---> addNewContactPositive
2023-10-23 19:47:07,322 INFO m.WDListener [WDListener.java:21] Start searching element by locator --->By.xpath: //a[.='ADD']
2023-10-23 19:47:07,331 INFO m.WDListener [WDListener.java:27] Element with locator --->By.xpath: //a[.='ADD']is found
2023-10-23 19:47:07,365 INFO m.WDListener [WDListener.java:21] Start searching element by locator --->By.cssSelector: [placeholder='Name']
2023-10-23 19:47:07,383 INFO m.WDListener [WDListener.java:27] Element with locator --->By.cssSelector: [placeholder='Name']is found
2023-10-23 19:47:07,516 INFO m.WDListener [WDListener.java:21] Start searching element by locator --->By.cssSelector: [placeholder='Last Name']
2023-10-23 19:47:07,531 INFO m.WDListener [WDListener.java:27] Element with locator --->By.cssSelector: [placeholder='Last Name']is found
2023-10-23 19:47:07,655 INFO m.WDListener [WDListener.java:21] Start searching element by locator --->By.cssSelector: [placeholder='Phone']
2023-10-23 19:47:07,665 INFO m.WDListener [WDListener.java:27] Element with locator --->By.cssSelector: [placeholder='Phone']is found
2023-10-23 19:47:07,765 INFO m.WDListener [WDListener.java:21] Start searching element by locator --->By.cssSelector: [placeholder='email']
2023-10-23 19:47:07,774 INFO m.WDListener [WDListener.java:27] Element with locator --->By.cssSelector: [placeholder='email']is found
2023-10-23 19:47:07,903 INFO m.WDListener [WDListener.java:21] Start searching element by locator --->By.cssSelector: [placeholder='Address']
2023-10-23 19:47:07,914 INFO m.WDListener [WDListener.java:27] Element with locator --->By.cssSelector: [placeholder='Address']is found
2023-10-23 19:47:07,999 INFO m.WDListener [WDListener.java:21] Start searching element by locator --->By.cssSelector: [placeholder='description']
2023-10-23 19:47:08,008 INFO m.WDListener [WDListener.java:27] Element with locator --->By.cssSelector: [placeholder='description']is found
2023-10-23 19:47:08,099 INFO m.WDListener [WDListener.java:21] Start searching element by locator --->By.xpath: //button[.='Save']
2023-10-23 19:47:08,108 INFO m.WDListener [WDListener.java:27] Element with locator --->By.xpath: //button[.='Save']is found
2023-10-23 19:47:08,133 INFO m.WDListener [WDListener.java:21] Start searching element by locator --->By.xpath: //div[@class='contact-item_card__2SOIM'][last()]//h3
2023-10-23 19:47:08,807 INFO m.WDListener [WDListener.java:27] Element with locator --->By.xpath: //div[@class='contact-item_card__2SOIM'][last()]//h3is found
2023-10-23 19:47:08,821 INFO m.NGListener [NGListener.java:22] Success test ---> addNewContactPositive
2023-10-23 19:47:08,822 INFO t.TestBase [TestBase.java:38] Finished test --->addNewContactPositive
2023-10-23 19:47:08,822 INFO t.TestBase [TestBase.java:39] ================================================
2023-10-23 19:47:08,823 INFO t.TestBase [TestBase.java:33] Started test --->addNewContactPositive
2023-10-23 19:47:08,824 INFO m.WDListener [WDListener.java:21] Start searching element by locator --->By.xpath: //*[.='Sign Out']
2023-10-23 19:47:08,833 INFO m.WDListener [WDListener.java:27] Element with locator --->By.xpath: //*[.='Sign Out']is found
2023-10-23 19:47:08,834 INFO m.NGListener [NGListener.java:16] Start of the test ---> addNewContactPositive
2023-10-23 19:47:08,834 INFO m.WDListener [WDListener.java:21] Start searching element by locator --->By.xpath: //a[.='ADD']
2023-10-23 19:47:08,845 INFO m.WDListener [WDListener.java:27] Element with locator --->By.xpath: //a[.='ADD']is found
2023-10-23 19:47:08,886 INFO m.WDListener [WDListener.java:21] Start searching element by locator --->By.cssSelector: [placeholder='Name']
2023-10-23 19:47:08,918 INFO m.WDListener [WDListener.java:27] Element with locator --->By.cssSelector: [placeholder='Name']is found
2023-10-23 19:47:09,009 INFO m.WDListener [WDListener.java:21] Start searching element by locator --->By.cssSelector: [placeholder='Last Name']
2023-10-23 19:47:09,018 INFO m.WDListener [WDListener.java:27] Element with locator --->By.cssSelector: [placeholder='Last Name']is found
2023-10-23 19:47:09,105 INFO m.WDListener [WDListener.java:21] Start searching element by locator --->By.cssSelector: [placeholder='Phone']
2023-10-23 19:47:09,135 INFO m.WDListener [WDListener.java:27] Element with locator --->By.cssSelector: [placeholder='Phone']is found
2023-10-23 19:47:09,250 INFO m.WDListener [WDListener.java:21] Start searching element by locator --->By.cssSelector: [placeholder='email']
2023-10-23 19:47:09,259 INFO m.WDListener [WDListener.java:27] Element with locator --->By.cssSelector: [placeholder='email']is found
2023-10-23 19:47:09,398 INFO m.WDListener [WDListener.java:21] Start searching element by locator --->By.cssSelector: [placeholder='Address']
2023-10-23 19:47:09,430 INFO m.WDListener [WDListener.java:33] Something went wrong!!!
2023-10-23 19:47:09,447 INFO m.WDListener [WDListener.java:34] no such window: target window already closed
from unknown error: web view not found
  (Session info: chrome=118.0.5993.96)
Build info: version: '3.141.59', revision: 'e82be7d358', time: '2018-11-14T08:17:03'
System info: host: 'Elenas-MacBook-Pro.local', ip: '2a06:c701:479f:b100:1cc7:84f8:259f:7d0e%en0', os.name: 'Mac OS X', os.arch: 'x86_64', os.version: '12.6.1', java.version: '1.8.0_333'
Driver info: org.openqa.selenium.chrome.ChromeDriver
Capabilities {acceptInsecureCerts: false, browserName: chrome, browserVersion: 118.0.5993.96, chrome: {chromedriverVersion: 118.0.5993.70 (e52f33f30b91..., userDataDir: /var/folders/s_/zy5ffsj13lg...}, fedcm:accounts: true, goog:chromeOptions: {debuggerAddress: localhost:58652}, javascriptEnabled: true, networkConnectionEnabled: false, pageLoadStrategy: normal, platform: MAC, platformName: MAC, proxy: Proxy(), setWindowRect: true, strictFileInteractability: false, timeouts: {implicit: 0, pageLoad: 300000, script: 30000}, unhandledPromptBehavior: dismiss and notify, webauthn:extension:credBlob: true, webauthn:extension:largeBlob: true, webauthn:extension:minPinLength: true, webauthn:extension:prf: true, webauthn:virtualAuthenticators: true}
Session ID: 2c1838859f57bfce8187ac54bfd372c6
*** Element info: {Using=css selector, value=[placeholder='Address']}
2023-10-23 19:47:09,473 INFO m.WDListener [WDListener.java:35] org.openqa.selenium.NoSuchWindowException: no such window: target window already closed
from unknown error: web view not found
  (Session info: chrome=118.0.5993.96)
Build info: version: '3.141.59', revision: 'e82be7d358', time: '2018-11-14T08:17:03'
System info: host: 'Elenas-MacBook-Pro.local', ip: '2a06:c701:479f:b100:1cc7:84f8:259f:7d0e%en0', os.name: 'Mac OS X', os.arch: 'x86_64', os.version: '12.6.1', java.version: '1.8.0_333'
Driver info: org.openqa.selenium.chrome.ChromeDriver
Capabilities {acceptInsecureCerts: false, browserName: chrome, browserVersion: 118.0.5993.96, chrome: {chromedriverVersion: 118.0.5993.70 (e52f33f30b91..., userDataDir: /var/folders/s_/zy5ffsj13lg...}, fedcm:accounts: true, goog:chromeOptions: {debuggerAddress: localhost:58652}, javascriptEnabled: true, networkConnectionEnabled: false, pageLoadStrategy: normal, platform: MAC, platformName: MAC, proxy: Proxy(), setWindowRect: true, strictFileInteractability: false, timeouts: {implicit: 0, pageLoad: 300000, script: 30000}, unhandledPromptBehavior: dismiss and notify, webauthn:extension:credBlob: true, webauthn:extension:largeBlob: true, webauthn:extension:minPinLength: true, webauthn:extension:prf: true, webauthn:virtualAuthenticators: true}
Session ID: 2c1838859f57bfce8187ac54bfd372c6
*** Element info: {Using=css selector, value=[placeholder='Address']}
2023-10-23 19:47:09,487 INFO m.NGListener [NGListener.java:28] Failure test ---> org.openqa.selenium.NoSuchWindowException: no such window: target window already closed
from unknown error: web view not found
  (Session info: chrome=118.0.5993.96)
Build info: version: '3.141.59', revision: 'e82be7d358', time: '2018-11-14T08:17:03'
System info: host: 'Elenas-MacBook-Pro.local', ip: '2a06:c701:479f:b100:1cc7:84f8:259f:7d0e%en0', os.name: 'Mac OS X', os.arch: 'x86_64', os.version: '12.6.1', java.version: '1.8.0_333'
Driver info: org.openqa.selenium.chrome.ChromeDriver
Capabilities {acceptInsecureCerts: false, browserName: chrome, browserVersion: 118.0.5993.96, chrome: {chromedriverVersion: 118.0.5993.70 (e52f33f30b91..., userDataDir: /var/folders/s_/zy5ffsj13lg...}, fedcm:accounts: true, goog:chromeOptions: {debuggerAddress: localhost:58652}, javascriptEnabled: true, networkConnectionEnabled: false, pageLoadStrategy: normal, platform: MAC, platformName: MAC, proxy: Proxy(), setWindowRect: true, strictFileInteractability: false, timeouts: {implicit: 0, pageLoad: 300000, script: 30000}, unhandledPromptBehavior: dismiss and notify, webauthn:extension:credBlob: true, webauthn:extension:largeBlob: true, webauthn:extension:minPinLength: true, webauthn:extension:prf: true, webauthn:virtualAuthenticators: true}
Session ID: 2c1838859f57bfce8187ac54bfd372c6
2023-10-23 19:47:09,499 INFO t.TestBase [TestBase.java:38] Finished test --->addNewContactPositive
2023-10-23 19:47:09,512 INFO t.TestBase [TestBase.java:39] ================================================
2023-10-23 19:47:09,513 INFO t.TestBase [TestBase.java:33] Started test --->addNewContactPositive
2023-10-23 19:47:09,514 INFO m.WDListener [WDListener.java:21] Start searching element by locator --->By.xpath: //*[.='Sign Out']
2023-10-23 19:47:09,521 INFO m.WDListener [WDListener.java:33] Something went wrong!!!
2023-10-23 19:47:09,522 INFO m.WDListener [WDListener.java:34] no such window: target window already closed
from unknown error: web view not found
  (Session info: chrome=118.0.5993.96)
Build info: version: '3.141.59', revision: 'e82be7d358', time: '2018-11-14T08:17:03'
System info: host: 'Elenas-MacBook-Pro.local', ip: '2a06:c701:479f:b100:1cc7:84f8:259f:7d0e%en0', os.name: 'Mac OS X', os.arch: 'x86_64', os.version: '12.6.1', java.version: '1.8.0_333'
Driver info: org.openqa.selenium.chrome.ChromeDriver
Capabilities {acceptInsecureCerts: false, browserName: chrome, browserVersion: 118.0.5993.96, chrome: {chromedriverVersion: 118.0.5993.70 (e52f33f30b91..., userDataDir: /var/folders/s_/zy5ffsj13lg...}, fedcm:accounts: true, goog:chromeOptions: {debuggerAddress: localhost:58652}, javascriptEnabled: true, networkConnectionEnabled: false, pageLoadStrategy: normal, platform: MAC, platformName: MAC, proxy: Proxy(), setWindowRect: true, strictFileInteractability: false, timeouts: {implicit: 0, pageLoad: 300000, script: 30000}, unhandledPromptBehavior: dismiss and notify, webauthn:extension:credBlob: true, webauthn:extension:largeBlob: true, webauthn:extension:minPinLength: true, webauthn:extension:prf: true, webauthn:virtualAuthenticators: true}
Session ID: 2c1838859f57bfce8187ac54bfd372c6
*** Element info: {Using=xpath, value=//*[.='Sign Out']}
2023-10-23 19:47:09,522 INFO m.WDListener [WDListener.java:35] org.openqa.selenium.NoSuchWindowException: no such window: target window already closed
from unknown error: web view not found
  (Session info: chrome=118.0.5993.96)
Build info: version: '3.141.59', revision: 'e82be7d358', time: '2018-11-14T08:17:03'
System info: host: 'Elenas-MacBook-Pro.local', ip: '2a06:c701:479f:b100:1cc7:84f8:259f:7d0e%en0', os.name: 'Mac OS X', os.arch: 'x86_64', os.version: '12.6.1', java.version: '1.8.0_333'
Driver info: org.openqa.selenium.chrome.ChromeDriver
Capabilities {acceptInsecureCerts: false, browserName: chrome, browserVersion: 118.0.5993.96, chrome: {chromedriverVersion: 118.0.5993.70 (e52f33f30b91..., userDataDir: /var/folders/s_/zy5ffsj13lg...}, fedcm:accounts: true, goog:chromeOptions: {debuggerAddress: localhost:58652}, javascriptEnabled: true, networkConnectionEnabled: false, pageLoadStrategy: normal, platform: MAC, platformName: MAC, proxy: Proxy(), setWindowRect: true, strictFileInteractability: false, timeouts: {implicit: 0, pageLoad: 300000, script: 30000}, unhandledPromptBehavior: dismiss and notify, webauthn:extension:credBlob: true, webauthn:extension:largeBlob: true, webauthn:extension:minPinLength: true, webauthn:extension:prf: true, webauthn:virtualAuthenticators: true}
Session ID: 2c1838859f57bfce8187ac54bfd372c6
*** Element info: {Using=xpath, value=//*[.='Sign Out']}
2023-10-23 19:47:09,525 INFO m.NGListener [NGListener.java:16] Start of the test ---> addNewContactPositive
2023-10-23 19:47:09,529 INFO t.TestBase [TestBase.java:33] Started test --->loginNegativeTestWrongEmail
2023-10-23 19:47:09,529 INFO m.NGListener [NGListener.java:16] Start of the test ---> loginNegativeTestWrongEmail
2023-10-23 19:47:09,529 INFO m.WDListener [WDListener.java:21] Start searching element by locator --->By.xpath: //*[.='LOGIN']
2023-10-23 19:47:09,541 INFO m.WDListener [WDListener.java:33] Something went wrong!!!
2023-10-23 19:47:09,541 INFO m.WDListener [WDListener.java:34] no such window: target window already closed
from unknown error: web view not found
  (Session info: chrome=118.0.5993.96)
Build info: version: '3.141.59', revision: 'e82be7d358', time: '2018-11-14T08:17:03'
System info: host: 'Elenas-MacBook-Pro.local', ip: '2a06:c701:479f:b100:1cc7:84f8:259f:7d0e%en0', os.name: 'Mac OS X', os.arch: 'x86_64', os.version: '12.6.1', java.version: '1.8.0_333'
Driver info: org.openqa.selenium.chrome.ChromeDriver
Capabilities {acceptInsecureCerts: false, browserName: chrome, browserVersion: 118.0.5993.96, chrome: {chromedriverVersion: 118.0.5993.70 (e52f33f30b91..., userDataDir: /var/folders/s_/zy5ffsj13lg...}, fedcm:accounts: true, goog:chromeOptions: {debuggerAddress: localhost:58652}, javascriptEnabled: true, networkConnectionEnabled: false, pageLoadStrategy: normal, platform: MAC, platformName: MAC, proxy: Proxy(), setWindowRect: true, strictFileInteractability: false, timeouts: {implicit: 0, pageLoad: 300000, script: 30000}, unhandledPromptBehavior: dismiss and notify, webauthn:extension:credBlob: true, webauthn:extension:largeBlob: true, webauthn:extension:minPinLength: true, webauthn:extension:prf: true, webauthn:virtualAuthenticators: true}
Session ID: 2c1838859f57bfce8187ac54bfd372c6
*** Element info: {Using=xpath, value=//*[.='LOGIN']}
2023-10-23 19:47:09,542 INFO m.WDListener [WDListener.java:35] org.openqa.selenium.NoSuchWindowException: no such window: target window already closed
from unknown error: web view not found
  (Session info: chrome=118.0.5993.96)
Build info: version: '3.141.59', revision: 'e82be7d358', time: '2018-11-14T08:17:03'
System info: host: 'Elenas-MacBook-Pro.local', ip: '2a06:c701:479f:b100:1cc7:84f8:259f:7d0e%en0', os.name: 'Mac OS X', os.arch: 'x86_64', os.version: '12.6.1', java.version: '1.8.0_333'
Driver info: org.openqa.selenium.chrome.ChromeDriver
Capabilities {acceptInsecureCerts: false, browserName: chrome, browserVersion: 118.0.5993.96, chrome: {chromedriverVersion: 118.0.5993.70 (e52f33f30b91..., userDataDir: /var/folders/s_/zy5ffsj13lg...}, fedcm:accounts: true, goog:chromeOptions: {debuggerAddress: localhost:58652}, javascriptEnabled: true, networkConnectionEnabled: false, pageLoadStrategy: normal, platform: MAC, platformName: MAC, proxy: Proxy(), setWindowRect: true, strictFileInteractability: false, timeouts: {implicit: 0, pageLoad: 300000, script: 30000}, unhandledPromptBehavior: dismiss and notify, webauthn:extension:credBlob: true, webauthn:extension:largeBlob: true, webauthn:extension:minPinLength: true, webauthn:extension:prf: true, webauthn:virtualAuthenticators: true}
Session ID: 2c1838859f57bfce8187ac54bfd372c6
*** Element info: {Using=xpath, value=//*[.='LOGIN']}
2023-10-23 19:47:09,548 INFO m.NGListener [NGListener.java:28] Failure test ---> org.openqa.selenium.NoSuchWindowException: no such window: target window already closed
from unknown error: web view not found
  (Session info: chrome=118.0.5993.96)
Build info: version: '3.141.59', revision: 'e82be7d358', time: '2018-11-14T08:17:03'
System info: host: 'Elenas-MacBook-Pro.local', ip: '2a06:c701:479f:b100:1cc7:84f8:259f:7d0e%en0', os.name: 'Mac OS X', os.arch: 'x86_64', os.version: '12.6.1', java.version: '1.8.0_333'
Driver info: org.openqa.selenium.chrome.ChromeDriver
Capabilities {acceptInsecureCerts: false, browserName: chrome, browserVersion: 118.0.5993.96, chrome: {chromedriverVersion: 118.0.5993.70 (e52f33f30b91..., userDataDir: /var/folders/s_/zy5ffsj13lg...}, fedcm:accounts: true, goog:chromeOptions: {debuggerAddress: localhost:58652}, javascriptEnabled: true, networkConnectionEnabled: false, pageLoadStrategy: normal, platform: MAC, platformName: MAC, proxy: Proxy(), setWindowRect: true, strictFileInteractability: false, timeouts: {implicit: 0, pageLoad: 300000, script: 30000}, unhandledPromptBehavior: dismiss and notify, webauthn:extension:credBlob: true, webauthn:extension:largeBlob: true, webauthn:extension:minPinLength: true, webauthn:extension:prf: true, webauthn:virtualAuthenticators: true}
Session ID: 2c1838859f57bfce8187ac54bfd372c6
2023-10-23 19:47:09,549 INFO t.TestBase [TestBase.java:38] Finished test --->loginNegativeTestWrongEmail
2023-10-23 19:47:09,549 INFO t.TestBase [TestBase.java:39] ================================================
2023-10-23 19:47:09,550 INFO t.TestBase [TestBase.java:33] Started test --->loginNegativeTestWrongPassword
2023-10-23 19:47:09,551 INFO m.NGListener [NGListener.java:16] Start of the test ---> loginNegativeTestWrongPassword
2023-10-23 19:47:09,552 INFO m.WDListener [WDListener.java:21] Start searching element by locator --->By.xpath: //*[.='LOGIN']
2023-10-23 19:47:09,556 INFO m.WDListener [WDListener.java:33] Something went wrong!!!
2023-10-23 19:47:09,557 INFO m.WDListener [WDListener.java:34] no such window: target window already closed
from unknown error: web view not found
  (Session info: chrome=118.0.5993.96)
Build info: version: '3.141.59', revision: 'e82be7d358', time: '2018-11-14T08:17:03'
System info: host: 'Elenas-MacBook-Pro.local', ip: '2a06:c701:479f:b100:1cc7:84f8:259f:7d0e%en0', os.name: 'Mac OS X', os.arch: 'x86_64', os.version: '12.6.1', java.version: '1.8.0_333'
Driver info: org.openqa.selenium.chrome.ChromeDriver
Capabilities {acceptInsecureCerts: false, browserName: chrome, browserVersion: 118.0.5993.96, chrome: {chromedriverVersion: 118.0.5993.70 (e52f33f30b91..., userDataDir: /var/folders/s_/zy5ffsj13lg...}, fedcm:accounts: true, goog:chromeOptions: {debuggerAddress: localhost:58652}, javascriptEnabled: true, networkConnectionEnabled: false, pageLoadStrategy: normal, platform: MAC, platformName: MAC, proxy: Proxy(), setWindowRect: true, strictFileInteractability: false, timeouts: {implicit: 0, pageLoad: 300000, script: 30000}, unhandledPromptBehavior: dismiss and notify, webauthn:extension:credBlob: true, webauthn:extension:largeBlob: true, webauthn:extension:minPinLength: true, webauthn:extension:prf: true, webauthn:virtualAuthenticators: true}
Session ID: 2c1838859f57bfce8187ac54bfd372c6
*** Element info: {Using=xpath, value=//*[.='LOGIN']}
2023-10-23 19:47:09,557 INFO m.WDListener [WDListener.java:35] org.openqa.selenium.NoSuchWindowException: no such window: target window already closed
from unknown error: web view not found
  (Session info: chrome=118.0.5993.96)
Build info: version: '3.141.59', revision: 'e82be7d358', time: '2018-11-14T08:17:03'
System info: host: 'Elenas-MacBook-Pro.local', ip: '2a06:c701:479f:b100:1cc7:84f8:259f:7d0e%en0', os.name: 'Mac OS X', os.arch: 'x86_64', os.version: '12.6.1', java.version: '1.8.0_333'
Driver info: org.openqa.selenium.chrome.ChromeDriver
Capabilities {acceptInsecureCerts: false, browserName: chrome, browserVersion: 118.0.5993.96, chrome: {chromedriverVersion: 118.0.5993.70 (e52f33f30b91..., userDataDir: /var/folders/s_/zy5ffsj13lg...}, fedcm:accounts: true, goog:chromeOptions: {debuggerAddress: localhost:58652}, javascriptEnabled: true, networkConnectionEnabled: false, pageLoadStrategy: normal, platform: MAC, platformName: MAC, proxy: Proxy(), setWindowRect: true, strictFileInteractability: false, timeouts: {implicit: 0, pageLoad: 300000, script: 30000}, unhandledPromptBehavior: dismiss and notify, webauthn:extension:credBlob: true, webauthn:extension:largeBlob: true, webauthn:extension:minPinLength: true, webauthn:extension:prf: true, webauthn:virtualAuthenticators: true}
Session ID: 2c1838859f57bfce8187ac54bfd372c6
*** Element info: {Using=xpath, value=//*[.='LOGIN']}
2023-10-23 19:47:09,561 INFO m.NGListener [NGListener.java:28] Failure test ---> org.openqa.selenium.NoSuchWindowException: no such window: target window already closed
from unknown error: web view not found
  (Session info: chrome=118.0.5993.96)
Build info: version: '3.141.59', revision: 'e82be7d358', time: '2018-11-14T08:17:03'
System info: host: 'Elenas-MacBook-Pro.local', ip: '2a06:c701:479f:b100:1cc7:84f8:259f:7d0e%en0', os.name: 'Mac OS X', os.arch: 'x86_64', os.version: '12.6.1', java.version: '1.8.0_333'
Driver info: org.openqa.selenium.chrome.ChromeDriver
Capabilities {acceptInsecureCerts: false, browserName: chrome, browserVersion: 118.0.5993.96, chrome: {chromedriverVersion: 118.0.5993.70 (e52f33f30b91..., userDataDir: /var/folders/s_/zy5ffsj13lg...}, fedcm:accounts: true, goog:chromeOptions: {debuggerAddress: localhost:58652}, javascriptEnabled: true, networkConnectionEnabled: false, pageLoadStrategy: normal, platform: MAC, platformName: MAC, proxy: Proxy(), setWindowRect: true, strictFileInteractability: false, timeouts: {implicit: 0, pageLoad: 300000, script: 30000}, unhandledPromptBehavior: dismiss and notify, webauthn:extension:credBlob: true, webauthn:extension:largeBlob: true, webauthn:extension:minPinLength: true, webauthn:extension:prf: true, webauthn:virtualAuthenticators: true}
Session ID: 2c1838859f57bfce8187ac54bfd372c6
2023-10-23 19:47:09,562 INFO t.TestBase [TestBase.java:38] Finished test --->loginNegativeTestWrongPassword
2023-10-23 19:47:09,563 INFO t.TestBase [TestBase.java:39] ================================================
2023-10-23 19:47:09,564 INFO t.TestBase [TestBase.java:33] Started test --->loginPositiveTestModel
2023-10-23 19:47:09,565 INFO m.NGListener [NGListener.java:16] Start of the test ---> loginPositiveTestModel
2023-10-23 19:47:09,565 INFO m.WDListener [WDListener.java:21] Start searching element by locator --->By.xpath: //*[.='LOGIN']
2023-10-23 19:47:09,573 INFO m.WDListener [WDListener.java:33] Something went wrong!!!
2023-10-23 19:47:09,574 INFO m.WDListener [WDListener.java:34] no such window: target window already closed
from unknown error: web view not found
  (Session info: chrome=118.0.5993.96)
Build info: version: '3.141.59', revision: 'e82be7d358', time: '2018-11-14T08:17:03'
System info: host: 'Elenas-MacBook-Pro.local', ip: '2a06:c701:479f:b100:1cc7:84f8:259f:7d0e%en0', os.name: 'Mac OS X', os.arch: 'x86_64', os.version: '12.6.1', java.version: '1.8.0_333'
Driver info: org.openqa.selenium.chrome.ChromeDriver
Capabilities {acceptInsecureCerts: false, browserName: chrome, browserVersion: 118.0.5993.96, chrome: {chromedriverVersion: 118.0.5993.70 (e52f33f30b91..., userDataDir: /var/folders/s_/zy5ffsj13lg...}, fedcm:accounts: true, goog:chromeOptions: {debuggerAddress: localhost:58652}, javascriptEnabled: true, networkConnectionEnabled: false, pageLoadStrategy: normal, platform: MAC, platformName: MAC, proxy: Proxy(), setWindowRect: true, strictFileInteractability: false, timeouts: {implicit: 0, pageLoad: 300000, script: 30000}, unhandledPromptBehavior: dismiss and notify, webauthn:extension:credBlob: true, webauthn:extension:largeBlob: true, webauthn:extension:minPinLength: true, webauthn:extension:prf: true, webauthn:virtualAuthenticators: true}
Session ID: 2c1838859f57bfce8187ac54bfd372c6
*** Element info: {Using=xpath, value=//*[.='LOGIN']}
2023-10-23 19:47:09,574 INFO m.WDListener [WDListener.java:35] org.openqa.selenium.NoSuchWindowException: no such window: target window already closed
from unknown error: web view not found
  (Session info: chrome=118.0.5993.96)
Build info: version: '3.141.59', revision: 'e82be7d358', time: '2018-11-14T08:17:03'
System info: host: 'Elenas-MacBook-Pro.local', ip: '2a06:c701:479f:b100:1cc7:84f8:259f:7d0e%en0', os.name: 'Mac OS X', os.arch: 'x86_64', os.version: '12.6.1', java.version: '1.8.0_333'
Driver info: org.openqa.selenium.chrome.ChromeDriver
Capabilities {acceptInsecureCerts: false, browserName: chrome, browserVersion: 118.0.5993.96, chrome: {chromedriverVersion: 118.0.5993.70 (e52f33f30b91..., userDataDir: /var/folders/s_/zy5ffsj13lg...}, fedcm:accounts: true, goog:chromeOptions: {debuggerAddress: localhost:58652}, javascriptEnabled: true, networkConnectionEnabled: false, pageLoadStrategy: normal, platform: MAC, platformName: MAC, proxy: Proxy(), setWindowRect: true, strictFileInteractability: false, timeouts: {implicit: 0, pageLoad: 300000, script: 30000}, unhandledPromptBehavior: dismiss and notify, webauthn:extension:credBlob: true, webauthn:extension:largeBlob: true, webauthn:extension:minPinLength: true, webauthn:extension:prf: true, webauthn:virtualAuthenticators: true}
Session ID: 2c1838859f57bfce8187ac54bfd372c6
*** Element info: {Using=xpath, value=//*[.='LOGIN']}
2023-10-23 19:47:09,583 INFO m.NGListener [NGListener.java:28] Failure test ---> org.openqa.selenium.NoSuchWindowException: no such window: target window already closed
from unknown error: web view not found
  (Session info: chrome=118.0.5993.96)
Build info: version: '3.141.59', revision: 'e82be7d358', time: '2018-11-14T08:17:03'
System info: host: 'Elenas-MacBook-Pro.local', ip: '2a06:c701:479f:b100:1cc7:84f8:259f:7d0e%en0', os.name: 'Mac OS X', os.arch: 'x86_64', os.version: '12.6.1', java.version: '1.8.0_333'
Driver info: org.openqa.selenium.chrome.ChromeDriver
Capabilities {acceptInsecureCerts: false, browserName: chrome, browserVersion: 118.0.5993.96, chrome: {chromedriverVersion: 118.0.5993.70 (e52f33f30b91..., userDataDir: /var/folders/s_/zy5ffsj13lg...}, fedcm:accounts: true, goog:chromeOptions: {debuggerAddress: localhost:58652}, javascriptEnabled: true, networkConnectionEnabled: false, pageLoadStrategy: normal, platform: MAC, platformName: MAC, proxy: Proxy(), setWindowRect: true, strictFileInteractability: false, timeouts: {implicit: 0, pageLoad: 300000, script: 30000}, unhandledPromptBehavior: dismiss and notify, webauthn:extension:credBlob: true, webauthn:extension:largeBlob: true, webauthn:extension:minPinLength: true, webauthn:extension:prf: true, webauthn:virtualAuthenticators: true}
Session ID: 2c1838859f57bfce8187ac54bfd372c6
2023-10-23 19:47:09,584 INFO t.TestBase [TestBase.java:38] Finished test --->loginPositiveTestModel
2023-10-23 19:47:09,585 INFO t.TestBase [TestBase.java:39] ================================================
2023-10-23 19:47:09,586 INFO t.TestBase [TestBase.java:33] Started test --->registrationPositiveTest
2023-10-23 19:47:09,586 INFO m.NGListener [NGListener.java:16] Start of the test ---> registrationPositiveTest
2023-10-23 19:47:09,587 INFO m.WDListener [WDListener.java:21] Start searching element by locator --->By.xpath: //*[.='LOGIN']
2023-10-23 19:47:09,601 INFO m.WDListener [WDListener.java:33] Something went wrong!!!
2023-10-23 19:47:09,601 INFO m.WDListener [WDListener.java:34] no such window: target window already closed
from unknown error: web view not found
  (Session info: chrome=118.0.5993.96)
Build info: version: '3.141.59', revision: 'e82be7d358', time: '2018-11-14T08:17:03'
System info: host: 'Elenas-MacBook-Pro.local', ip: '2a06:c701:479f:b100:1cc7:84f8:259f:7d0e%en0', os.name: 'Mac OS X', os.arch: 'x86_64', os.version: '12.6.1', java.version: '1.8.0_333'
Driver info: org.openqa.selenium.chrome.ChromeDriver
Capabilities {acceptInsecureCerts: false, browserName: chrome, browserVersion: 118.0.5993.96, chrome: {chromedriverVersion: 118.0.5993.70 (e52f33f30b91..., userDataDir: /var/folders/s_/zy5ffsj13lg...}, fedcm:accounts: true, goog:chromeOptions: {debuggerAddress: localhost:58652}, javascriptEnabled: true, networkConnectionEnabled: false, pageLoadStrategy: normal, platform: MAC, platformName: MAC, proxy: Proxy(), setWindowRect: true, strictFileInteractability: false, timeouts: {implicit: 0, pageLoad: 300000, script: 30000}, unhandledPromptBehavior: dismiss and notify, webauthn:extension:credBlob: true, webauthn:extension:largeBlob: true, webauthn:extension:minPinLength: true, webauthn:extension:prf: true, webauthn:virtualAuthenticators: true}
Session ID: 2c1838859f57bfce8187ac54bfd372c6
*** Element info: {Using=xpath, value=//*[.='LOGIN']}
2023-10-23 19:47:09,602 INFO m.WDListener [WDListener.java:35] org.openqa.selenium.NoSuchWindowException: no such window: target window already closed
from unknown error: web view not found
  (Session info: chrome=118.0.5993.96)
Build info: version: '3.141.59', revision: 'e82be7d358', time: '2018-11-14T08:17:03'
System info: host: 'Elenas-MacBook-Pro.local', ip: '2a06:c701:479f:b100:1cc7:84f8:259f:7d0e%en0', os.name: 'Mac OS X', os.arch: 'x86_64', os.version: '12.6.1', java.version: '1.8.0_333'
Driver info: org.openqa.selenium.chrome.ChromeDriver
Capabilities {acceptInsecureCerts: false, browserName: chrome, browserVersion: 118.0.5993.96, chrome: {chromedriverVersion: 118.0.5993.70 (e52f33f30b91..., userDataDir: /var/folders/s_/zy5ffsj13lg...}, fedcm:accounts: true, goog:chromeOptions: {debuggerAddress: localhost:58652}, javascriptEnabled: true, networkConnectionEnabled: false, pageLoadStrategy: normal, platform: MAC, platformName: MAC, proxy: Proxy(), setWindowRect: true, strictFileInteractability: false, timeouts: {implicit: 0, pageLoad: 300000, script: 30000}, unhandledPromptBehavior: dismiss and notify, webauthn:extension:credBlob: true, webauthn:extension:largeBlob: true, webauthn:extension:minPinLength: true, webauthn:extension:prf: true, webauthn:virtualAuthenticators: true}
Session ID: 2c1838859f57bfce8187ac54bfd372c6
*** Element info: {Using=xpath, value=//*[.='LOGIN']}
2023-10-23 19:47:09,604 INFO m.NGListener [NGListener.java:28] Failure test ---> org.openqa.selenium.NoSuchWindowException: no such window: target window already closed
from unknown error: web view not found
  (Session info: chrome=118.0.5993.96)
Build info: version: '3.141.59', revision: 'e82be7d358', time: '2018-11-14T08:17:03'
System info: host: 'Elenas-MacBook-Pro.local', ip: '2a06:c701:479f:b100:1cc7:84f8:259f:7d0e%en0', os.name: 'Mac OS X', os.arch: 'x86_64', os.version: '12.6.1', java.version: '1.8.0_333'
Driver info: org.openqa.selenium.chrome.ChromeDriver
Capabilities {acceptInsecureCerts: false, browserName: chrome, browserVersion: 118.0.5993.96, chrome: {chromedriverVersion: 118.0.5993.70 (e52f33f30b91..., userDataDir: /var/folders/s_/zy5ffsj13lg...}, fedcm:accounts: true, goog:chromeOptions: {debuggerAddress: localhost:58652}, javascriptEnabled: true, networkConnectionEnabled: false, pageLoadStrategy: normal, platform: MAC, platformName: MAC, proxy: Proxy(), setWindowRect: true, strictFileInteractability: false, timeouts: {implicit: 0, pageLoad: 300000, script: 30000}, unhandledPromptBehavior: dismiss and notify, webauthn:extension:credBlob: true, webauthn:extension:largeBlob: true, webauthn:extension:minPinLength: true, webauthn:extension:prf: true, webauthn:virtualAuthenticators: true}
Session ID: 2c1838859f57bfce8187ac54bfd372c6
2023-10-23 19:47:09,605 INFO t.TestBase [TestBase.java:38] Finished test --->registrationPositiveTest
2023-10-23 19:47:09,605 INFO t.TestBase [TestBase.java:39] ================================================
