2023-10-24 11:27:48,472 INFO m.ApplicationManager [ApplicationManager.java:32] Test started on Chrome
2023-10-24 11:27:49,380 INFO m.ApplicationManager [ApplicationManager.java:39] Navigated to the link --->https://telranedu.web.app/home
2023-10-24 11:27:49,461 INFO t.TestBase [TestBase.java:33] Started test --->registrationPositiveTestCSV
2023-10-24 11:27:49,462 INFO m.WDListener [WDListener.java:21] Start searching element by locator --->By.xpath: //*[.='Sign Out']
2023-10-24 11:27:52,530 INFO m.WDListener [WDListener.java:27] Element with locator --->By.xpath: //*[.='Sign Out']is found
2023-10-24 11:27:52,532 INFO m.WDListener [WDListener.java:21] Start searching element by locator --->By.xpath: //*[.='LOGIN']
2023-10-24 11:27:52,558 INFO m.WDListener [WDListener.java:27] Element with locator --->By.xpath: //*[.='LOGIN']is found
2023-10-24 11:27:52,643 INFO m.WDListener [WDListener.java:21] Start searching element by locator --->By.xpath: //input[1]
2023-10-24 11:27:52,657 INFO m.WDListener [WDListener.java:27] Element with locator --->By.xpath: //input[1]is found
2023-10-24 11:27:52,886 INFO m.WDListener [WDListener.java:21] Start searching element by locator --->By.xpath: //input[2]
2023-10-24 11:27:52,903 INFO m.WDListener [WDListener.java:27] Element with locator --->By.xpath: //input[2]is found
2023-10-24 11:27:53,058 INFO m.WDListener [WDListener.java:21] Start searching element by locator --->By.xpath: //button[2]
2023-10-24 11:27:53,075 INFO m.WDListener [WDListener.java:27] Element with locator --->By.xpath: //button[2]is found
2023-10-24 11:27:56,113 INFO t.TestBase [RegistrationTests.java:40] registrationPositiveTest starts with:nick_17@mail.com & $Nn123456
2023-10-24 11:27:56,114 INFO m.WDListener [WDListener.java:21] Start searching element by locator --->By.tagName: button
2023-10-24 11:27:56,147 INFO m.WDListener [WDListener.java:33] Something went wrong!!!
2023-10-24 11:27:56,147 INFO m.WDListener [WDListener.java:34] unexpected alert open: {Alert text : User already exist}
  (Session info: chrome=118.0.5993.96): User already exist
Build info: version: '3.141.59', revision: 'e82be7d358', time: '2018-11-14T08:17:03'
System info: host: 'Elenas-MacBook-Pro.local', ip: 'fe80:0:0:0:11:3fe2:d05f:74b9%en0', os.name: 'Mac OS X', os.arch: 'x86_64', os.version: '12.6.1', java.version: '1.8.0_333'
Driver info: org.openqa.selenium.chrome.ChromeDriver
Capabilities {acceptInsecureCerts: false, browserName: chrome, browserVersion: 118.0.5993.96, chrome: {chromedriverVersion: 118.0.5993.70 (e52f33f30b91..., userDataDir: /var/folders/s_/zy5ffsj13lg...}, fedcm:accounts: true, goog:chromeOptions: {debuggerAddress: localhost:61158}, javascriptEnabled: true, networkConnectionEnabled: false, pageLoadStrategy: normal, platform: MAC, platformName: MAC, proxy: Proxy(), setWindowRect: true, strictFileInteractability: false, timeouts: {implicit: 0, pageLoad: 300000, script: 30000}, unhandledPromptBehavior: dismiss and notify, webauthn:extension:credBlob: true, webauthn:extension:largeBlob: true, webauthn:extension:minPinLength: true, webauthn:extension:prf: true, webauthn:virtualAuthenticators: true}
Session ID: 159bcb915b148faaffd9d8bbc2a180b6
*** Element info: {Using=tag name, value=button}
2023-10-24 11:27:56,147 INFO m.WDListener [WDListener.java:35] org.openqa.selenium.UnhandledAlertException: unexpected alert open: {Alert text : User already exist}
  (Session info: chrome=118.0.5993.96): User already exist
Build info: version: '3.141.59', revision: 'e82be7d358', time: '2018-11-14T08:17:03'
System info: host: 'Elenas-MacBook-Pro.local', ip: 'fe80:0:0:0:11:3fe2:d05f:74b9%en0', os.name: 'Mac OS X', os.arch: 'x86_64', os.version: '12.6.1', java.version: '1.8.0_333'
Driver info: org.openqa.selenium.chrome.ChromeDriver
Capabilities {acceptInsecureCerts: false, browserName: chrome, browserVersion: 118.0.5993.96, chrome: {chromedriverVersion: 118.0.5993.70 (e52f33f30b91..., userDataDir: /var/folders/s_/zy5ffsj13lg...}, fedcm:accounts: true, goog:chromeOptions: {debuggerAddress: localhost:61158}, javascriptEnabled: true, networkConnectionEnabled: false, pageLoadStrategy: normal, platform: MAC, platformName: MAC, proxy: Proxy(), setWindowRect: true, strictFileInteractability: false, timeouts: {implicit: 0, pageLoad: 300000, script: 30000}, unhandledPromptBehavior: dismiss and notify, webauthn:extension:credBlob: true, webauthn:extension:largeBlob: true, webauthn:extension:minPinLength: true, webauthn:extension:prf: true, webauthn:virtualAuthenticators: true}
Session ID: 159bcb915b148faaffd9d8bbc2a180b6
*** Element info: {Using=tag name, value=button}
2023-10-24 11:27:56,833 INFO m.WDListener [WDListener.java:40] Here is the path to screenshot with error --->src/test/screenshots/screenshot-1676.png
2023-10-24 11:27:56,846 INFO t.TestBase [TestBase.java:38] Finished test --->registrationPositiveTestCSV
2023-10-24 11:27:56,846 INFO t.TestBase [TestBase.java:39] ================================================
2023-10-24 11:27:56,847 INFO t.TestBase [TestBase.java:33] Started test --->registrationPositiveTestCSV
2023-10-24 11:27:56,848 INFO m.WDListener [WDListener.java:21] Start searching element by locator --->By.xpath: //*[.='Sign Out']
2023-10-24 11:27:58,372 INFO m.WDListener [WDListener.java:27] Element with locator --->By.xpath: //*[.='Sign Out']is found
2023-10-24 11:27:58,390 INFO m.WDListener [WDListener.java:21] Start searching element by locator --->By.xpath: //*[.='LOGIN']
2023-10-24 11:27:58,408 INFO m.WDListener [WDListener.java:33] Something went wrong!!!
2023-10-24 11:27:58,446 INFO m.WDListener [WDListener.java:34] no such window: target window already closed
from unknown error: web view not found
  (Session info: chrome=118.0.5993.96)
Build info: version: '3.141.59', revision: 'e82be7d358', time: '2018-11-14T08:17:03'
System info: host: 'Elenas-MacBook-Pro.local', ip: 'fe80:0:0:0:11:3fe2:d05f:74b9%en0', os.name: 'Mac OS X', os.arch: 'x86_64', os.version: '12.6.1', java.version: '1.8.0_333'
Driver info: org.openqa.selenium.chrome.ChromeDriver
Capabilities {acceptInsecureCerts: false, browserName: chrome, browserVersion: 118.0.5993.96, chrome: {chromedriverVersion: 118.0.5993.70 (e52f33f30b91..., userDataDir: /var/folders/s_/zy5ffsj13lg...}, fedcm:accounts: true, goog:chromeOptions: {debuggerAddress: localhost:61158}, javascriptEnabled: true, networkConnectionEnabled: false, pageLoadStrategy: normal, platform: MAC, platformName: MAC, proxy: Proxy(), setWindowRect: true, strictFileInteractability: false, timeouts: {implicit: 0, pageLoad: 300000, script: 30000}, unhandledPromptBehavior: dismiss and notify, webauthn:extension:credBlob: true, webauthn:extension:largeBlob: true, webauthn:extension:minPinLength: true, webauthn:extension:prf: true, webauthn:virtualAuthenticators: true}
Session ID: 159bcb915b148faaffd9d8bbc2a180b6
*** Element info: {Using=xpath, value=//*[.='LOGIN']}
2023-10-24 11:27:58,453 INFO m.WDListener [WDListener.java:35] org.openqa.selenium.NoSuchWindowException: no such window: target window already closed
from unknown error: web view not found
  (Session info: chrome=118.0.5993.96)
Build info: version: '3.141.59', revision: 'e82be7d358', time: '2018-11-14T08:17:03'
System info: host: 'Elenas-MacBook-Pro.local', ip: 'fe80:0:0:0:11:3fe2:d05f:74b9%en0', os.name: 'Mac OS X', os.arch: 'x86_64', os.version: '12.6.1', java.version: '1.8.0_333'
Driver info: org.openqa.selenium.chrome.ChromeDriver
Capabilities {acceptInsecureCerts: false, browserName: chrome, browserVersion: 118.0.5993.96, chrome: {chromedriverVersion: 118.0.5993.70 (e52f33f30b91..., userDataDir: /var/folders/s_/zy5ffsj13lg...}, fedcm:accounts: true, goog:chromeOptions: {debuggerAddress: localhost:61158}, javascriptEnabled: true, networkConnectionEnabled: false, pageLoadStrategy: normal, platform: MAC, platformName: MAC, proxy: Proxy(), setWindowRect: true, strictFileInteractability: false, timeouts: {implicit: 0, pageLoad: 300000, script: 30000}, unhandledPromptBehavior: dismiss and notify, webauthn:extension:credBlob: true, webauthn:extension:largeBlob: true, webauthn:extension:minPinLength: true, webauthn:extension:prf: true, webauthn:virtualAuthenticators: true}
Session ID: 159bcb915b148faaffd9d8bbc2a180b6
*** Element info: {Using=xpath, value=//*[.='LOGIN']}
2023-10-24 11:27:58,461 INFO t.TestBase [TestBase.java:38] Finished test --->registrationPositiveTestCSV
2023-10-24 11:27:58,462 INFO t.TestBase [TestBase.java:39] ================================================
2023-10-24 11:27:58,466 INFO t.TestBase [TestBase.java:33] Started test --->registrationPositiveTestCSV
2023-10-24 11:27:58,471 INFO m.WDListener [WDListener.java:21] Start searching element by locator --->By.xpath: //*[.='Sign Out']
2023-10-24 11:27:58,477 INFO m.WDListener [WDListener.java:33] Something went wrong!!!
2023-10-24 11:27:58,489 INFO m.WDListener [WDListener.java:34] no such window: target window already closed
from unknown error: web view not found
  (Session info: chrome=118.0.5993.96)
Build info: version: '3.141.59', revision: 'e82be7d358', time: '2018-11-14T08:17:03'
System info: host: 'Elenas-MacBook-Pro.local', ip: 'fe80:0:0:0:11:3fe2:d05f:74b9%en0', os.name: 'Mac OS X', os.arch: 'x86_64', os.version: '12.6.1', java.version: '1.8.0_333'
Driver info: org.openqa.selenium.chrome.ChromeDriver
Capabilities {acceptInsecureCerts: false, browserName: chrome, browserVersion: 118.0.5993.96, chrome: {chromedriverVersion: 118.0.5993.70 (e52f33f30b91..., userDataDir: /var/folders/s_/zy5ffsj13lg...}, fedcm:accounts: true, goog:chromeOptions: {debuggerAddress: localhost:61158}, javascriptEnabled: true, networkConnectionEnabled: false, pageLoadStrategy: normal, platform: MAC, platformName: MAC, proxy: Proxy(), setWindowRect: true, strictFileInteractability: false, timeouts: {implicit: 0, pageLoad: 300000, script: 30000}, unhandledPromptBehavior: dismiss and notify, webauthn:extension:credBlob: true, webauthn:extension:largeBlob: true, webauthn:extension:minPinLength: true, webauthn:extension:prf: true, webauthn:virtualAuthenticators: true}
Session ID: 159bcb915b148faaffd9d8bbc2a180b6
*** Element info: {Using=xpath, value=//*[.='Sign Out']}
2023-10-24 11:27:58,489 INFO m.WDListener [WDListener.java:35] org.openqa.selenium.NoSuchWindowException: no such window: target window already closed
from unknown error: web view not found
  (Session info: chrome=118.0.5993.96)
Build info: version: '3.141.59', revision: 'e82be7d358', time: '2018-11-14T08:17:03'
System info: host: 'Elenas-MacBook-Pro.local', ip: 'fe80:0:0:0:11:3fe2:d05f:74b9%en0', os.name: 'Mac OS X', os.arch: 'x86_64', os.version: '12.6.1', java.version: '1.8.0_333'
Driver info: org.openqa.selenium.chrome.ChromeDriver
Capabilities {acceptInsecureCerts: false, browserName: chrome, browserVersion: 118.0.5993.96, chrome: {chromedriverVersion: 118.0.5993.70 (e52f33f30b91..., userDataDir: /var/folders/s_/zy5ffsj13lg...}, fedcm:accounts: true, goog:chromeOptions: {debuggerAddress: localhost:61158}, javascriptEnabled: true, networkConnectionEnabled: false, pageLoadStrategy: normal, platform: MAC, platformName: MAC, proxy: Proxy(), setWindowRect: true, strictFileInteractability: false, timeouts: {implicit: 0, pageLoad: 300000, script: 30000}, unhandledPromptBehavior: dismiss and notify, webauthn:extension:credBlob: true, webauthn:extension:largeBlob: true, webauthn:extension:minPinLength: true, webauthn:extension:prf: true, webauthn:virtualAuthenticators: true}
Session ID: 159bcb915b148faaffd9d8bbc2a180b6
*** Element info: {Using=xpath, value=//*[.='Sign Out']}
2023-10-24 11:27:58,496 INFO t.TestBase [TestBase.java:38] Finished test --->registrationPositiveTestCSV
2023-10-24 11:27:58,497 INFO t.TestBase [TestBase.java:39] ================================================
2023-10-24 11:27:58,507 INFO t.TestBase [TestBase.java:33] Started test --->registrationPositiveTestCSV
2023-10-24 11:27:58,508 INFO m.WDListener [WDListener.java:21] Start searching element by locator --->By.xpath: //*[.='Sign Out']
2023-10-24 11:27:58,514 INFO m.WDListener [WDListener.java:33] Something went wrong!!!
2023-10-24 11:27:58,514 INFO m.WDListener [WDListener.java:34] no such window: target window already closed
from unknown error: web view not found
  (Session info: chrome=118.0.5993.96)
Build info: version: '3.141.59', revision: 'e82be7d358', time: '2018-11-14T08:17:03'
System info: host: 'Elenas-MacBook-Pro.local', ip: 'fe80:0:0:0:11:3fe2:d05f:74b9%en0', os.name: 'Mac OS X', os.arch: 'x86_64', os.version: '12.6.1', java.version: '1.8.0_333'
Driver info: org.openqa.selenium.chrome.ChromeDriver
Capabilities {acceptInsecureCerts: false, browserName: chrome, browserVersion: 118.0.5993.96, chrome: {chromedriverVersion: 118.0.5993.70 (e52f33f30b91..., userDataDir: /var/folders/s_/zy5ffsj13lg...}, fedcm:accounts: true, goog:chromeOptions: {debuggerAddress: localhost:61158}, javascriptEnabled: true, networkConnectionEnabled: false, pageLoadStrategy: normal, platform: MAC, platformName: MAC, proxy: Proxy(), setWindowRect: true, strictFileInteractability: false, timeouts: {implicit: 0, pageLoad: 300000, script: 30000}, unhandledPromptBehavior: dismiss and notify, webauthn:extension:credBlob: true, webauthn:extension:largeBlob: true, webauthn:extension:minPinLength: true, webauthn:extension:prf: true, webauthn:virtualAuthenticators: true}
Session ID: 159bcb915b148faaffd9d8bbc2a180b6
*** Element info: {Using=xpath, value=//*[.='Sign Out']}
2023-10-24 11:27:58,515 INFO m.WDListener [WDListener.java:35] org.openqa.selenium.NoSuchWindowException: no such window: target window already closed
from unknown error: web view not found
  (Session info: chrome=118.0.5993.96)
Build info: version: '3.141.59', revision: 'e82be7d358', time: '2018-11-14T08:17:03'
System info: host: 'Elenas-MacBook-Pro.local', ip: 'fe80:0:0:0:11:3fe2:d05f:74b9%en0', os.name: 'Mac OS X', os.arch: 'x86_64', os.version: '12.6.1', java.version: '1.8.0_333'
Driver info: org.openqa.selenium.chrome.ChromeDriver
Capabilities {acceptInsecureCerts: false, browserName: chrome, browserVersion: 118.0.5993.96, chrome: {chromedriverVersion: 118.0.5993.70 (e52f33f30b91..., userDataDir: /var/folders/s_/zy5ffsj13lg...}, fedcm:accounts: true, goog:chromeOptions: {debuggerAddress: localhost:61158}, javascriptEnabled: true, networkConnectionEnabled: false, pageLoadStrategy: normal, platform: MAC, platformName: MAC, proxy: Proxy(), setWindowRect: true, strictFileInteractability: false, timeouts: {implicit: 0, pageLoad: 300000, script: 30000}, unhandledPromptBehavior: dismiss and notify, webauthn:extension:credBlob: true, webauthn:extension:largeBlob: true, webauthn:extension:minPinLength: true, webauthn:extension:prf: true, webauthn:virtualAuthenticators: true}
Session ID: 159bcb915b148faaffd9d8bbc2a180b6
*** Element info: {Using=xpath, value=//*[.='Sign Out']}
2023-10-24 11:27:58,544 INFO t.TestBase [TestBase.java:38] Finished test --->registrationPositiveTestCSV
2023-10-24 11:27:58,544 INFO t.TestBase [TestBase.java:39] ================================================
2023-10-24 11:27:58,547 INFO t.TestBase [TestBase.java:33] Started test --->registrationPositiveTestCSV
2023-10-24 11:27:58,548 INFO m.WDListener [WDListener.java:21] Start searching element by locator --->By.xpath: //*[.='Sign Out']
2023-10-24 11:27:58,556 INFO m.WDListener [WDListener.java:33] Something went wrong!!!
2023-10-24 11:27:58,557 INFO m.WDListener [WDListener.java:34] no such window: target window already closed
from unknown error: web view not found
  (Session info: chrome=118.0.5993.96)
Build info: version: '3.141.59', revision: 'e82be7d358', time: '2018-11-14T08:17:03'
System info: host: 'Elenas-MacBook-Pro.local', ip: 'fe80:0:0:0:11:3fe2:d05f:74b9%en0', os.name: 'Mac OS X', os.arch: 'x86_64', os.version: '12.6.1', java.version: '1.8.0_333'
Driver info: org.openqa.selenium.chrome.ChromeDriver
Capabilities {acceptInsecureCerts: false, browserName: chrome, browserVersion: 118.0.5993.96, chrome: {chromedriverVersion: 118.0.5993.70 (e52f33f30b91..., userDataDir: /var/folders/s_/zy5ffsj13lg...}, fedcm:accounts: true, goog:chromeOptions: {debuggerAddress: localhost:61158}, javascriptEnabled: true, networkConnectionEnabled: false, pageLoadStrategy: normal, platform: MAC, platformName: MAC, proxy: Proxy(), setWindowRect: true, strictFileInteractability: false, timeouts: {implicit: 0, pageLoad: 300000, script: 30000}, unhandledPromptBehavior: dismiss and notify, webauthn:extension:credBlob: true, webauthn:extension:largeBlob: true, webauthn:extension:minPinLength: true, webauthn:extension:prf: true, webauthn:virtualAuthenticators: true}
Session ID: 159bcb915b148faaffd9d8bbc2a180b6
*** Element info: {Using=xpath, value=//*[.='Sign Out']}
2023-10-24 11:27:58,557 INFO m.WDListener [WDListener.java:35] org.openqa.selenium.NoSuchWindowException: no such window: target window already closed
from unknown error: web view not found
  (Session info: chrome=118.0.5993.96)
Build info: version: '3.141.59', revision: 'e82be7d358', time: '2018-11-14T08:17:03'
System info: host: 'Elenas-MacBook-Pro.local', ip: 'fe80:0:0:0:11:3fe2:d05f:74b9%en0', os.name: 'Mac OS X', os.arch: 'x86_64', os.version: '12.6.1', java.version: '1.8.0_333'
Driver info: org.openqa.selenium.chrome.ChromeDriver
Capabilities {acceptInsecureCerts: false, browserName: chrome, browserVersion: 118.0.5993.96, chrome: {chromedriverVersion: 118.0.5993.70 (e52f33f30b91..., userDataDir: /var/folders/s_/zy5ffsj13lg...}, fedcm:accounts: true, goog:chromeOptions: {debuggerAddress: localhost:61158}, javascriptEnabled: true, networkConnectionEnabled: false, pageLoadStrategy: normal, platform: MAC, platformName: MAC, proxy: Proxy(), setWindowRect: true, strictFileInteractability: false, timeouts: {implicit: 0, pageLoad: 300000, script: 30000}, unhandledPromptBehavior: dismiss and notify, webauthn:extension:credBlob: true, webauthn:extension:largeBlob: true, webauthn:extension:minPinLength: true, webauthn:extension:prf: true, webauthn:virtualAuthenticators: true}
Session ID: 159bcb915b148faaffd9d8bbc2a180b6
*** Element info: {Using=xpath, value=//*[.='Sign Out']}
2023-10-24 11:27:58,562 INFO t.TestBase [TestBase.java:38] Finished test --->registrationPositiveTestCSV
2023-10-24 11:27:58,562 INFO t.TestBase [TestBase.java:39] ================================================
2023-10-24 11:27:58,743 INFO m.ApplicationManager [ApplicationManager.java:47] Tests completed
