2023-09-27 21:00:48,732 INFO m.ApplicationManager [ApplicationManager.java:26] Navigated to the link --->https://telranedu.web.app/home
2023-09-27 21:00:48,794 INFO t.TestBase [TestBase.java:31] Started test --->addNewContactPositive
2023-09-27 21:00:48,796 INFO m.WDListener [WDListener.java:21] Start searching element by locator --->By.xpath: //*[.='Sign Out']
2023-09-27 21:00:51,863 INFO m.WDListener [WDListener.java:27] Element with locator --->By.xpath: //*[.='Sign Out']is found
2023-09-27 21:00:51,865 INFO m.WDListener [WDListener.java:21] Start searching element by locator --->By.xpath: //*[.='LOGIN']
2023-09-27 21:00:51,882 INFO m.WDListener [WDListener.java:27] Element with locator --->By.xpath: //*[.='LOGIN']is found
2023-09-27 21:00:51,969 INFO m.WDListener [WDListener.java:21] Start searching element by locator --->By.xpath: //input[1]
2023-09-27 21:00:51,987 INFO m.WDListener [WDListener.java:27] Element with locator --->By.xpath: //input[1]is found
2023-09-27 21:00:52,207 INFO m.WDListener [WDListener.java:21] Start searching element by locator --->By.xpath: //input[2]
2023-09-27 21:00:52,225 INFO m.WDListener [WDListener.java:27] Element with locator --->By.xpath: //input[2]is found
2023-09-27 21:00:52,352 INFO m.WDListener [WDListener.java:21] Start searching element by locator --->By.xpath: //button[1]
2023-09-27 21:00:52,367 INFO m.WDListener [WDListener.java:27] Element with locator --->By.xpath: //button[1]is found
2023-09-27 21:00:52,412 INFO m.NGListener [NGListener.java:16] Start of the test ---> addNewContactPositive
2023-09-27 21:00:52,415 INFO m.WDListener [WDListener.java:21] Start searching element by locator --->By.xpath: //a[.='ADD']
2023-09-27 21:00:53,684 INFO m.WDListener [WDListener.java:27] Element with locator --->By.xpath: //a[.='ADD']is found
2023-09-27 21:00:53,782 INFO m.WDListener [WDListener.java:21] Start searching element by locator --->By.cssSelector: [placeholder='Name']
2023-09-27 21:00:53,809 INFO m.WDListener [WDListener.java:27] Element with locator --->By.cssSelector: [placeholder='Name']is found
2023-09-27 21:00:53,947 INFO m.WDListener [WDListener.java:21] Start searching element by locator --->By.cssSelector: [placeholder='Last Name']
2023-09-27 21:00:53,963 INFO m.WDListener [WDListener.java:27] Element with locator --->By.cssSelector: [placeholder='Last Name']is found
2023-09-27 21:00:54,066 INFO m.WDListener [WDListener.java:21] Start searching element by locator --->By.cssSelector: [placeholder='Phone']
2023-09-27 21:00:54,079 INFO m.WDListener [WDListener.java:27] Element with locator --->By.cssSelector: [placeholder='Phone']is found
2023-09-27 21:00:54,204 INFO m.WDListener [WDListener.java:21] Start searching element by locator --->By.cssSelector: [placeholder='email']
2023-09-27 21:00:54,216 INFO m.WDListener [WDListener.java:27] Element with locator --->By.cssSelector: [placeholder='email']is found
2023-09-27 21:00:54,342 INFO m.WDListener [WDListener.java:21] Start searching element by locator --->By.cssSelector: [placeholder='Address']
2023-09-27 21:00:54,358 INFO m.WDListener [WDListener.java:27] Element with locator --->By.cssSelector: [placeholder='Address']is found
2023-09-27 21:00:54,460 INFO m.WDListener [WDListener.java:21] Start searching element by locator --->By.cssSelector: [placeholder='description']
2023-09-27 21:00:54,477 INFO m.WDListener [WDListener.java:27] Element with locator --->By.cssSelector: [placeholder='description']is found
2023-09-27 21:00:54,580 INFO m.WDListener [WDListener.java:21] Start searching element by locator --->By.xpath: //button[.='Save']
2023-09-27 21:00:54,600 INFO m.WDListener [WDListener.java:27] Element with locator --->By.xpath: //button[.='Save']is found
2023-09-27 21:00:54,639 INFO m.WDListener [WDListener.java:21] Start searching element by locator --->By.xpath: //div[@class='contact-item_card__2SOIM'][last()]//h3
2023-09-27 21:00:55,242 INFO m.WDListener [WDListener.java:27] Element with locator --->By.xpath: //div[@class='contact-item_card__2SOIM'][last()]//h3is found
2023-09-27 21:00:55,263 INFO m.NGListener [NGListener.java:22] Success test ---> addNewContactPositive
2023-09-27 21:00:55,264 INFO t.TestBase [TestBase.java:36] Finished test --->addNewContactPositive
2023-09-27 21:00:55,265 INFO t.TestBase [TestBase.java:37] ================================================
2023-09-27 21:00:55,266 INFO t.TestBase [TestBase.java:31] Started test --->addNewContactPositive
2023-09-27 21:00:55,267 INFO m.WDListener [WDListener.java:21] Start searching element by locator --->By.xpath: //*[.='Sign Out']
2023-09-27 21:00:55,279 INFO m.WDListener [WDListener.java:27] Element with locator --->By.xpath: //*[.='Sign Out']is found
2023-09-27 21:00:55,280 INFO m.NGListener [NGListener.java:16] Start of the test ---> addNewContactPositive
2023-09-27 21:00:55,281 INFO m.WDListener [WDListener.java:21] Start searching element by locator --->By.xpath: //a[.='ADD']
2023-09-27 21:00:55,292 INFO m.WDListener [WDListener.java:27] Element with locator --->By.xpath: //a[.='ADD']is found
2023-09-27 21:00:55,338 INFO m.WDListener [WDListener.java:21] Start searching element by locator --->By.cssSelector: [placeholder='Name']
2023-09-27 21:00:55,363 INFO m.WDListener [WDListener.java:27] Element with locator --->By.cssSelector: [placeholder='Name']is found
2023-09-27 21:00:55,496 INFO m.WDListener [WDListener.java:21] Start searching element by locator --->By.cssSelector: [placeholder='Last Name']
2023-09-27 21:00:55,516 INFO m.WDListener [WDListener.java:27] Element with locator --->By.cssSelector: [placeholder='Last Name']is found
2023-09-27 21:00:55,645 INFO m.WDListener [WDListener.java:21] Start searching element by locator --->By.cssSelector: [placeholder='Phone']
2023-09-27 21:00:55,657 INFO m.WDListener [WDListener.java:27] Element with locator --->By.cssSelector: [placeholder='Phone']is found
2023-09-27 21:00:55,809 INFO m.WDListener [WDListener.java:21] Start searching element by locator --->By.cssSelector: [placeholder='email']
2023-09-27 21:00:55,824 INFO m.WDListener [WDListener.java:27] Element with locator --->By.cssSelector: [placeholder='email']is found
2023-09-27 21:00:55,972 INFO m.WDListener [WDListener.java:21] Start searching element by locator --->By.cssSelector: [placeholder='Address']
2023-09-27 21:00:55,983 INFO m.WDListener [WDListener.java:27] Element with locator --->By.cssSelector: [placeholder='Address']is found
2023-09-27 21:00:56,094 INFO m.WDListener [WDListener.java:21] Start searching element by locator --->By.cssSelector: [placeholder='description']
2023-09-27 21:00:56,108 INFO m.WDListener [WDListener.java:27] Element with locator --->By.cssSelector: [placeholder='description']is found
2023-09-27 21:00:56,223 INFO m.WDListener [WDListener.java:21] Start searching element by locator --->By.xpath: //button[.='Save']
2023-09-27 21:00:56,231 INFO m.WDListener [WDListener.java:27] Element with locator --->By.xpath: //button[.='Save']is found
2023-09-27 21:00:56,268 INFO m.WDListener [WDListener.java:21] Start searching element by locator --->By.xpath: //div[@class='contact-item_card__2SOIM'][last()]//h3
2023-09-27 21:00:56,699 INFO m.WDListener [WDListener.java:27] Element with locator --->By.xpath: //div[@class='contact-item_card__2SOIM'][last()]//h3is found
2023-09-27 21:00:56,710 INFO m.NGListener [NGListener.java:22] Success test ---> addNewContactPositive
2023-09-27 21:00:56,711 INFO t.TestBase [TestBase.java:36] Finished test --->addNewContactPositive
2023-09-27 21:00:56,711 INFO t.TestBase [TestBase.java:37] ================================================
2023-09-27 21:00:56,712 INFO t.TestBase [TestBase.java:31] Started test --->addNewContactPositive
2023-09-27 21:00:56,713 INFO m.WDListener [WDListener.java:21] Start searching element by locator --->By.xpath: //*[.='Sign Out']
2023-09-27 21:00:56,723 INFO m.WDListener [WDListener.java:27] Element with locator --->By.xpath: //*[.='Sign Out']is found
2023-09-27 21:00:56,724 INFO m.NGListener [NGListener.java:16] Start of the test ---> addNewContactPositive
2023-09-27 21:00:56,724 INFO m.WDListener [WDListener.java:21] Start searching element by locator --->By.xpath: //a[.='ADD']
2023-09-27 21:00:56,733 INFO m.WDListener [WDListener.java:27] Element with locator --->By.xpath: //a[.='ADD']is found
2023-09-27 21:00:56,772 INFO m.WDListener [WDListener.java:21] Start searching element by locator --->By.cssSelector: [placeholder='Name']
2023-09-27 21:00:56,789 INFO m.WDListener [WDListener.java:27] Element with locator --->By.cssSelector: [placeholder='Name']is found
2023-09-27 21:00:56,897 INFO m.WDListener [WDListener.java:21] Start searching element by locator --->By.cssSelector: [placeholder='Last Name']
2023-09-27 21:00:56,909 INFO m.WDListener [WDListener.java:27] Element with locator --->By.cssSelector: [placeholder='Last Name']is found
2023-09-27 21:00:57,025 INFO m.WDListener [WDListener.java:21] Start searching element by locator --->By.cssSelector: [placeholder='Phone']
2023-09-27 21:00:57,035 INFO m.WDListener [WDListener.java:27] Element with locator --->By.cssSelector: [placeholder='Phone']is found
2023-09-27 21:00:57,144 INFO m.WDListener [WDListener.java:21] Start searching element by locator --->By.cssSelector: [placeholder='email']
2023-09-27 21:00:57,152 INFO m.WDListener [WDListener.java:27] Element with locator --->By.cssSelector: [placeholder='email']is found
2023-09-27 21:00:57,298 INFO m.WDListener [WDListener.java:21] Start searching element by locator --->By.cssSelector: [placeholder='Address']
2023-09-27 21:00:57,310 INFO m.WDListener [WDListener.java:27] Element with locator --->By.cssSelector: [placeholder='Address']is found
2023-09-27 21:00:57,424 INFO m.WDListener [WDListener.java:21] Start searching element by locator --->By.cssSelector: [placeholder='description']
2023-09-27 21:00:57,436 INFO m.WDListener [WDListener.java:27] Element with locator --->By.cssSelector: [placeholder='description']is found
2023-09-27 21:00:57,580 INFO m.WDListener [WDListener.java:21] Start searching element by locator --->By.xpath: //button[.='Save']
2023-09-27 21:00:57,594 INFO m.WDListener [WDListener.java:27] Element with locator --->By.xpath: //button[.='Save']is found
2023-09-27 21:00:57,633 INFO m.WDListener [WDListener.java:21] Start searching element by locator --->By.xpath: //div[@class='contact-item_card__2SOIM'][last()]//h3
2023-09-27 21:00:58,062 INFO m.WDListener [WDListener.java:27] Element with locator --->By.xpath: //div[@class='contact-item_card__2SOIM'][last()]//h3is found
2023-09-27 21:00:58,070 INFO m.NGListener [NGListener.java:22] Success test ---> addNewContactPositive
2023-09-27 21:00:58,071 INFO t.TestBase [TestBase.java:36] Finished test --->addNewContactPositive
2023-09-27 21:00:58,071 INFO t.TestBase [TestBase.java:37] ================================================
2023-09-27 21:00:58,073 INFO t.TestBase [TestBase.java:31] Started test --->addNewContactPositive
2023-09-27 21:00:58,074 INFO m.WDListener [WDListener.java:21] Start searching element by locator --->By.xpath: //*[.='Sign Out']
2023-09-27 21:00:58,084 INFO m.WDListener [WDListener.java:27] Element with locator --->By.xpath: //*[.='Sign Out']is found
2023-09-27 21:00:58,085 INFO m.NGListener [NGListener.java:16] Start of the test ---> addNewContactPositive
2023-09-27 21:00:58,085 INFO m.WDListener [WDListener.java:21] Start searching element by locator --->By.xpath: //a[.='ADD']
2023-09-27 21:00:58,095 INFO m.WDListener [WDListener.java:27] Element with locator --->By.xpath: //a[.='ADD']is found
2023-09-27 21:00:58,133 INFO m.WDListener [WDListener.java:21] Start searching element by locator --->By.cssSelector: [placeholder='Name']
2023-09-27 21:00:58,148 INFO m.WDListener [WDListener.java:27] Element with locator --->By.cssSelector: [placeholder='Name']is found
2023-09-27 21:00:58,261 INFO m.WDListener [WDListener.java:21] Start searching element by locator --->By.cssSelector: [placeholder='Last Name']
2023-09-27 21:00:58,270 INFO m.WDListener [WDListener.java:27] Element with locator --->By.cssSelector: [placeholder='Last Name']is found
2023-09-27 21:00:58,383 INFO m.WDListener [WDListener.java:21] Start searching element by locator --->By.cssSelector: [placeholder='Phone']
2023-09-27 21:00:58,393 INFO m.WDListener [WDListener.java:27] Element with locator --->By.cssSelector: [placeholder='Phone']is found
2023-09-27 21:00:58,495 INFO m.WDListener [WDListener.java:21] Start searching element by locator --->By.cssSelector: [placeholder='email']
2023-09-27 21:00:58,506 INFO m.WDListener [WDListener.java:27] Element with locator --->By.cssSelector: [placeholder='email']is found
2023-09-27 21:00:58,649 INFO m.WDListener [WDListener.java:21] Start searching element by locator --->By.cssSelector: [placeholder='Address']
2023-09-27 21:00:58,666 INFO m.WDListener [WDListener.java:27] Element with locator --->By.cssSelector: [placeholder='Address']is found
2023-09-27 21:00:58,763 INFO m.WDListener [WDListener.java:21] Start searching element by locator --->By.cssSelector: [placeholder='description']
2023-09-27 21:00:58,775 INFO m.WDListener [WDListener.java:27] Element with locator --->By.cssSelector: [placeholder='description']is found
2023-09-27 21:00:58,871 INFO m.WDListener [WDListener.java:21] Start searching element by locator --->By.xpath: //button[.='Save']
2023-09-27 21:00:58,881 INFO m.WDListener [WDListener.java:27] Element with locator --->By.xpath: //button[.='Save']is found
2023-09-27 21:00:58,912 INFO m.WDListener [WDListener.java:21] Start searching element by locator --->By.xpath: //div[@class='contact-item_card__2SOIM'][last()]//h3
2023-09-27 21:00:59,341 INFO m.WDListener [WDListener.java:27] Element with locator --->By.xpath: //div[@class='contact-item_card__2SOIM'][last()]//h3is found
2023-09-27 21:00:59,349 INFO m.NGListener [NGListener.java:22] Success test ---> addNewContactPositive
2023-09-27 21:00:59,349 INFO t.TestBase [TestBase.java:36] Finished test --->addNewContactPositive
2023-09-27 21:00:59,350 INFO t.TestBase [TestBase.java:37] ================================================
2023-09-27 21:00:59,350 INFO t.TestBase [TestBase.java:31] Started test --->addNewContactPositive
2023-09-27 21:00:59,350 INFO m.WDListener [WDListener.java:21] Start searching element by locator --->By.xpath: //*[.='Sign Out']
2023-09-27 21:00:59,361 INFO m.WDListener [WDListener.java:27] Element with locator --->By.xpath: //*[.='Sign Out']is found
2023-09-27 21:00:59,361 INFO m.NGListener [NGListener.java:16] Start of the test ---> addNewContactPositive
2023-09-27 21:00:59,362 INFO m.WDListener [WDListener.java:21] Start searching element by locator --->By.xpath: //a[.='ADD']
2023-09-27 21:00:59,370 INFO m.WDListener [WDListener.java:27] Element with locator --->By.xpath: //a[.='ADD']is found
2023-09-27 21:00:59,410 INFO m.WDListener [WDListener.java:21] Start searching element by locator --->By.cssSelector: [placeholder='Name']
2023-09-27 21:00:59,426 INFO m.WDListener [WDListener.java:27] Element with locator --->By.cssSelector: [placeholder='Name']is found
2023-09-27 21:00:59,527 INFO m.WDListener [WDListener.java:21] Start searching element by locator --->By.cssSelector: [placeholder='Last Name']
2023-09-27 21:00:59,539 INFO m.WDListener [WDListener.java:27] Element with locator --->By.cssSelector: [placeholder='Last Name']is found
2023-09-27 21:00:59,634 INFO m.WDListener [WDListener.java:21] Start searching element by locator --->By.cssSelector: [placeholder='Phone']
2023-09-27 21:00:59,645 INFO m.WDListener [WDListener.java:27] Element with locator --->By.cssSelector: [placeholder='Phone']is found
2023-09-27 21:00:59,749 INFO m.WDListener [WDListener.java:21] Start searching element by locator --->By.cssSelector: [placeholder='email']
2023-09-27 21:00:59,763 INFO m.WDListener [WDListener.java:27] Element with locator --->By.cssSelector: [placeholder='email']is found
2023-09-27 21:00:59,891 INFO m.WDListener [WDListener.java:21] Start searching element by locator --->By.cssSelector: [placeholder='Address']
2023-09-27 21:00:59,900 INFO m.WDListener [WDListener.java:27] Element with locator --->By.cssSelector: [placeholder='Address']is found
2023-09-27 21:00:59,997 INFO m.WDListener [WDListener.java:21] Start searching element by locator --->By.cssSelector: [placeholder='description']
2023-09-27 21:01:00,008 INFO m.WDListener [WDListener.java:27] Element with locator --->By.cssSelector: [placeholder='description']is found
2023-09-27 21:01:00,112 INFO m.WDListener [WDListener.java:21] Start searching element by locator --->By.xpath: //button[.='Save']
2023-09-27 21:01:00,123 INFO m.WDListener [WDListener.java:27] Element with locator --->By.xpath: //button[.='Save']is found
2023-09-27 21:01:00,156 INFO m.WDListener [WDListener.java:21] Start searching element by locator --->By.xpath: //div[@class='contact-item_card__2SOIM'][last()]//h3
2023-09-27 21:01:00,581 INFO m.WDListener [WDListener.java:27] Element with locator --->By.xpath: //div[@class='contact-item_card__2SOIM'][last()]//h3is found
2023-09-27 21:01:00,589 INFO m.NGListener [NGListener.java:22] Success test ---> addNewContactPositive
2023-09-27 21:01:00,591 INFO t.TestBase [TestBase.java:36] Finished test --->addNewContactPositive
2023-09-27 21:01:00,591 INFO t.TestBase [TestBase.java:37] ================================================
2023-09-27 21:01:00,595 INFO t.TestBase [TestBase.java:31] Started test --->loginNegativeTestWrongEmail
2023-09-27 21:01:00,595 INFO m.NGListener [NGListener.java:16] Start of the test ---> loginNegativeTestWrongEmail
2023-09-27 21:01:00,596 INFO m.WDListener [WDListener.java:21] Start searching element by locator --->By.xpath: //*[.='LOGIN']
2023-09-27 21:01:03,617 INFO m.WDListener [WDListener.java:33] Something went wrong!!!
2023-09-27 21:01:03,617 INFO m.WDListener [WDListener.java:34] no such element: Unable to locate element: {"method":"xpath","selector":"//*[.='LOGIN']"}
  (Session info: chrome=117.0.5938.92)
For documentation on this error, please visit: https://www.seleniumhq.org/exceptions/no_such_element.html
Build info: version: '3.141.59', revision: 'e82be7d358', time: '2018-11-14T08:17:03'
System info: host: 'Elenas-MacBook-Pro.local', ip: '2a06:c701:479f:b100:6434:a6ee:b828:e9af%en0', os.name: 'Mac OS X', os.arch: 'x86_64', os.version: '12.6.1', java.version: '1.8.0_333'
Driver info: org.openqa.selenium.chrome.ChromeDriver
Capabilities {acceptInsecureCerts: false, browserName: chrome, browserVersion: 117.0.5938.92, chrome: {chromedriverVersion: 116.0.5845.96 (1a3918166880..., userDataDir: /var/folders/s_/zy5ffsj13lg...}, fedcm:accounts: true, goog:chromeOptions: {debuggerAddress: localhost:61718}, javascriptEnabled: true, networkConnectionEnabled: false, pageLoadStrategy: normal, platform: MAC, platformName: MAC, proxy: Proxy(), setWindowRect: true, strictFileInteractability: false, timeouts: {implicit: 0, pageLoad: 300000, script: 30000}, unhandledPromptBehavior: dismiss and notify, webauthn:extension:credBlob: true, webauthn:extension:largeBlob: true, webauthn:extension:minPinLength: true, webauthn:extension:prf: true, webauthn:virtualAuthenticators: true}
Session ID: a01f8d268efba701a18967cf3ce81f8f
*** Element info: {Using=xpath, value=//*[.='LOGIN']}
2023-09-27 21:01:03,617 INFO m.WDListener [WDListener.java:35] org.openqa.selenium.NoSuchElementException: no such element: Unable to locate element: {"method":"xpath","selector":"//*[.='LOGIN']"}
  (Session info: chrome=117.0.5938.92)
For documentation on this error, please visit: https://www.seleniumhq.org/exceptions/no_such_element.html
Build info: version: '3.141.59', revision: 'e82be7d358', time: '2018-11-14T08:17:03'
System info: host: 'Elenas-MacBook-Pro.local', ip: '2a06:c701:479f:b100:6434:a6ee:b828:e9af%en0', os.name: 'Mac OS X', os.arch: 'x86_64', os.version: '12.6.1', java.version: '1.8.0_333'
Driver info: org.openqa.selenium.chrome.ChromeDriver
Capabilities {acceptInsecureCerts: false, browserName: chrome, browserVersion: 117.0.5938.92, chrome: {chromedriverVersion: 116.0.5845.96 (1a3918166880..., userDataDir: /var/folders/s_/zy5ffsj13lg...}, fedcm:accounts: true, goog:chromeOptions: {debuggerAddress: localhost:61718}, javascriptEnabled: true, networkConnectionEnabled: false, pageLoadStrategy: normal, platform: MAC, platformName: MAC, proxy: Proxy(), setWindowRect: true, strictFileInteractability: false, timeouts: {implicit: 0, pageLoad: 300000, script: 30000}, unhandledPromptBehavior: dismiss and notify, webauthn:extension:credBlob: true, webauthn:extension:largeBlob: true, webauthn:extension:minPinLength: true, webauthn:extension:prf: true, webauthn:virtualAuthenticators: true}
Session ID: a01f8d268efba701a18967cf3ce81f8f
*** Element info: {Using=xpath, value=//*[.='LOGIN']}
2023-09-27 21:01:04,473 INFO m.WDListener [WDListener.java:40] Here is the path to screenshot with error --->src/test/screenshots/screenshot-63.png
2023-09-27 21:01:04,475 INFO m.NGListener [NGListener.java:28] Failure test ---> org.openqa.selenium.NoSuchElementException: no such element: Unable to locate element: {"method":"xpath","selector":"//*[.='LOGIN']"}
  (Session info: chrome=117.0.5938.92)
For documentation on this error, please visit: https://www.seleniumhq.org/exceptions/no_such_element.html
Build info: version: '3.141.59', revision: 'e82be7d358', time: '2018-11-14T08:17:03'
System info: host: 'Elenas-MacBook-Pro.local', ip: '2a06:c701:479f:b100:6434:a6ee:b828:e9af%en0', os.name: 'Mac OS X', os.arch: 'x86_64', os.version: '12.6.1', java.version: '1.8.0_333'
Driver info: org.openqa.selenium.chrome.ChromeDriver
Capabilities {acceptInsecureCerts: false, browserName: chrome, browserVersion: 117.0.5938.92, chrome: {chromedriverVersion: 116.0.5845.96 (1a3918166880..., userDataDir: /var/folders/s_/zy5ffsj13lg...}, fedcm:accounts: true, goog:chromeOptions: {debuggerAddress: localhost:61718}, javascriptEnabled: true, networkConnectionEnabled: false, pageLoadStrategy: normal, platform: MAC, platformName: MAC, proxy: Proxy(), setWindowRect: true, strictFileInteractability: false, timeouts: {implicit: 0, pageLoad: 300000, script: 30000}, unhandledPromptBehavior: dismiss and notify, webauthn:extension:credBlob: true, webauthn:extension:largeBlob: true, webauthn:extension:minPinLength: true, webauthn:extension:prf: true, webauthn:virtualAuthenticators: true}
Session ID: a01f8d268efba701a18967cf3ce81f8f
*** Element info: {Using=xpath, value=//*[.='LOGIN']}
2023-09-27 21:01:04,476 INFO t.TestBase [TestBase.java:36] Finished test --->loginNegativeTestWrongEmail
2023-09-27 21:01:04,476 INFO t.TestBase [TestBase.java:37] ================================================
2023-09-27 21:01:04,477 INFO t.TestBase [TestBase.java:31] Started test --->loginNegativeTestWrongPassword
2023-09-27 21:01:04,478 INFO m.NGListener [NGListener.java:16] Start of the test ---> loginNegativeTestWrongPassword
2023-09-27 21:01:04,478 INFO m.WDListener [WDListener.java:21] Start searching element by locator --->By.xpath: //*[.='LOGIN']
2023-09-27 21:01:07,504 INFO m.WDListener [WDListener.java:33] Something went wrong!!!
2023-09-27 21:01:07,505 INFO m.WDListener [WDListener.java:34] no such element: Unable to locate element: {"method":"xpath","selector":"//*[.='LOGIN']"}
  (Session info: chrome=117.0.5938.92)
For documentation on this error, please visit: https://www.seleniumhq.org/exceptions/no_such_element.html
Build info: version: '3.141.59', revision: 'e82be7d358', time: '2018-11-14T08:17:03'
System info: host: 'Elenas-MacBook-Pro.local', ip: '2a06:c701:479f:b100:6434:a6ee:b828:e9af%en0', os.name: 'Mac OS X', os.arch: 'x86_64', os.version: '12.6.1', java.version: '1.8.0_333'
Driver info: org.openqa.selenium.chrome.ChromeDriver
Capabilities {acceptInsecureCerts: false, browserName: chrome, browserVersion: 117.0.5938.92, chrome: {chromedriverVersion: 116.0.5845.96 (1a3918166880..., userDataDir: /var/folders/s_/zy5ffsj13lg...}, fedcm:accounts: true, goog:chromeOptions: {debuggerAddress: localhost:61718}, javascriptEnabled: true, networkConnectionEnabled: false, pageLoadStrategy: normal, platform: MAC, platformName: MAC, proxy: Proxy(), setWindowRect: true, strictFileInteractability: false, timeouts: {implicit: 0, pageLoad: 300000, script: 30000}, unhandledPromptBehavior: dismiss and notify, webauthn:extension:credBlob: true, webauthn:extension:largeBlob: true, webauthn:extension:minPinLength: true, webauthn:extension:prf: true, webauthn:virtualAuthenticators: true}
Session ID: a01f8d268efba701a18967cf3ce81f8f
*** Element info: {Using=xpath, value=//*[.='LOGIN']}
2023-09-27 21:01:07,505 INFO m.WDListener [WDListener.java:35] org.openqa.selenium.NoSuchElementException: no such element: Unable to locate element: {"method":"xpath","selector":"//*[.='LOGIN']"}
  (Session info: chrome=117.0.5938.92)
For documentation on this error, please visit: https://www.seleniumhq.org/exceptions/no_such_element.html
Build info: version: '3.141.59', revision: 'e82be7d358', time: '2018-11-14T08:17:03'
System info: host: 'Elenas-MacBook-Pro.local', ip: '2a06:c701:479f:b100:6434:a6ee:b828:e9af%en0', os.name: 'Mac OS X', os.arch: 'x86_64', os.version: '12.6.1', java.version: '1.8.0_333'
Driver info: org.openqa.selenium.chrome.ChromeDriver
Capabilities {acceptInsecureCerts: false, browserName: chrome, browserVersion: 117.0.5938.92, chrome: {chromedriverVersion: 116.0.5845.96 (1a3918166880..., userDataDir: /var/folders/s_/zy5ffsj13lg...}, fedcm:accounts: true, goog:chromeOptions: {debuggerAddress: localhost:61718}, javascriptEnabled: true, networkConnectionEnabled: false, pageLoadStrategy: normal, platform: MAC, platformName: MAC, proxy: Proxy(), setWindowRect: true, strictFileInteractability: false, timeouts: {implicit: 0, pageLoad: 300000, script: 30000}, unhandledPromptBehavior: dismiss and notify, webauthn:extension:credBlob: true, webauthn:extension:largeBlob: true, webauthn:extension:minPinLength: true, webauthn:extension:prf: true, webauthn:virtualAuthenticators: true}
Session ID: a01f8d268efba701a18967cf3ce81f8f
*** Element info: {Using=xpath, value=//*[.='LOGIN']}
2023-09-27 21:01:08,286 INFO m.WDListener [WDListener.java:40] Here is the path to screenshot with error --->src/test/screenshots/screenshot-67.png
2023-09-27 21:01:08,287 INFO m.NGListener [NGListener.java:28] Failure test ---> org.openqa.selenium.NoSuchElementException: no such element: Unable to locate element: {"method":"xpath","selector":"//*[.='LOGIN']"}
  (Session info: chrome=117.0.5938.92)
For documentation on this error, please visit: https://www.seleniumhq.org/exceptions/no_such_element.html
Build info: version: '3.141.59', revision: 'e82be7d358', time: '2018-11-14T08:17:03'
System info: host: 'Elenas-MacBook-Pro.local', ip: '2a06:c701:479f:b100:6434:a6ee:b828:e9af%en0', os.name: 'Mac OS X', os.arch: 'x86_64', os.version: '12.6.1', java.version: '1.8.0_333'
Driver info: org.openqa.selenium.chrome.ChromeDriver
Capabilities {acceptInsecureCerts: false, browserName: chrome, browserVersion: 117.0.5938.92, chrome: {chromedriverVersion: 116.0.5845.96 (1a3918166880..., userDataDir: /var/folders/s_/zy5ffsj13lg...}, fedcm:accounts: true, goog:chromeOptions: {debuggerAddress: localhost:61718}, javascriptEnabled: true, networkConnectionEnabled: false, pageLoadStrategy: normal, platform: MAC, platformName: MAC, proxy: Proxy(), setWindowRect: true, strictFileInteractability: false, timeouts: {implicit: 0, pageLoad: 300000, script: 30000}, unhandledPromptBehavior: dismiss and notify, webauthn:extension:credBlob: true, webauthn:extension:largeBlob: true, webauthn:extension:minPinLength: true, webauthn:extension:prf: true, webauthn:virtualAuthenticators: true}
Session ID: a01f8d268efba701a18967cf3ce81f8f
*** Element info: {Using=xpath, value=//*[.='LOGIN']}
2023-09-27 21:01:08,289 INFO t.TestBase [TestBase.java:36] Finished test --->loginNegativeTestWrongPassword
2023-09-27 21:01:08,290 INFO t.TestBase [TestBase.java:37] ================================================
2023-09-27 21:01:08,292 INFO t.TestBase [TestBase.java:31] Started test --->loginPositiveTestModel
2023-09-27 21:01:08,293 INFO m.NGListener [NGListener.java:16] Start of the test ---> loginPositiveTestModel
2023-09-27 21:01:08,293 INFO m.WDListener [WDListener.java:21] Start searching element by locator --->By.xpath: //*[.='LOGIN']
2023-09-27 21:01:11,341 INFO m.WDListener [WDListener.java:33] Something went wrong!!!
2023-09-27 21:01:11,341 INFO m.WDListener [WDListener.java:34] no such element: Unable to locate element: {"method":"xpath","selector":"//*[.='LOGIN']"}
  (Session info: chrome=117.0.5938.92)
For documentation on this error, please visit: https://www.seleniumhq.org/exceptions/no_such_element.html
Build info: version: '3.141.59', revision: 'e82be7d358', time: '2018-11-14T08:17:03'
System info: host: 'Elenas-MacBook-Pro.local', ip: '2a06:c701:479f:b100:6434:a6ee:b828:e9af%en0', os.name: 'Mac OS X', os.arch: 'x86_64', os.version: '12.6.1', java.version: '1.8.0_333'
Driver info: org.openqa.selenium.chrome.ChromeDriver
Capabilities {acceptInsecureCerts: false, browserName: chrome, browserVersion: 117.0.5938.92, chrome: {chromedriverVersion: 116.0.5845.96 (1a3918166880..., userDataDir: /var/folders/s_/zy5ffsj13lg...}, fedcm:accounts: true, goog:chromeOptions: {debuggerAddress: localhost:61718}, javascriptEnabled: true, networkConnectionEnabled: false, pageLoadStrategy: normal, platform: MAC, platformName: MAC, proxy: Proxy(), setWindowRect: true, strictFileInteractability: false, timeouts: {implicit: 0, pageLoad: 300000, script: 30000}, unhandledPromptBehavior: dismiss and notify, webauthn:extension:credBlob: true, webauthn:extension:largeBlob: true, webauthn:extension:minPinLength: true, webauthn:extension:prf: true, webauthn:virtualAuthenticators: true}
Session ID: a01f8d268efba701a18967cf3ce81f8f
*** Element info: {Using=xpath, value=//*[.='LOGIN']}
2023-09-27 21:01:11,341 INFO m.WDListener [WDListener.java:35] org.openqa.selenium.NoSuchElementException: no such element: Unable to locate element: {"method":"xpath","selector":"//*[.='LOGIN']"}
  (Session info: chrome=117.0.5938.92)
For documentation on this error, please visit: https://www.seleniumhq.org/exceptions/no_such_element.html
Build info: version: '3.141.59', revision: 'e82be7d358', time: '2018-11-14T08:17:03'
System info: host: 'Elenas-MacBook-Pro.local', ip: '2a06:c701:479f:b100:6434:a6ee:b828:e9af%en0', os.name: 'Mac OS X', os.arch: 'x86_64', os.version: '12.6.1', java.version: '1.8.0_333'
Driver info: org.openqa.selenium.chrome.ChromeDriver
Capabilities {acceptInsecureCerts: false, browserName: chrome, browserVersion: 117.0.5938.92, chrome: {chromedriverVersion: 116.0.5845.96 (1a3918166880..., userDataDir: /var/folders/s_/zy5ffsj13lg...}, fedcm:accounts: true, goog:chromeOptions: {debuggerAddress: localhost:61718}, javascriptEnabled: true, networkConnectionEnabled: false, pageLoadStrategy: normal, platform: MAC, platformName: MAC, proxy: Proxy(), setWindowRect: true, strictFileInteractability: false, timeouts: {implicit: 0, pageLoad: 300000, script: 30000}, unhandledPromptBehavior: dismiss and notify, webauthn:extension:credBlob: true, webauthn:extension:largeBlob: true, webauthn:extension:minPinLength: true, webauthn:extension:prf: true, webauthn:virtualAuthenticators: true}
Session ID: a01f8d268efba701a18967cf3ce81f8f
*** Element info: {Using=xpath, value=//*[.='LOGIN']}
2023-09-27 21:01:12,083 INFO m.WDListener [WDListener.java:40] Here is the path to screenshot with error --->src/test/screenshots/screenshot-71.png
2023-09-27 21:01:12,083 INFO m.NGListener [NGListener.java:28] Failure test ---> org.openqa.selenium.NoSuchElementException: no such element: Unable to locate element: {"method":"xpath","selector":"//*[.='LOGIN']"}
  (Session info: chrome=117.0.5938.92)
For documentation on this error, please visit: https://www.seleniumhq.org/exceptions/no_such_element.html
Build info: version: '3.141.59', revision: 'e82be7d358', time: '2018-11-14T08:17:03'
System info: host: 'Elenas-MacBook-Pro.local', ip: '2a06:c701:479f:b100:6434:a6ee:b828:e9af%en0', os.name: 'Mac OS X', os.arch: 'x86_64', os.version: '12.6.1', java.version: '1.8.0_333'
Driver info: org.openqa.selenium.chrome.ChromeDriver
Capabilities {acceptInsecureCerts: false, browserName: chrome, browserVersion: 117.0.5938.92, chrome: {chromedriverVersion: 116.0.5845.96 (1a3918166880..., userDataDir: /var/folders/s_/zy5ffsj13lg...}, fedcm:accounts: true, goog:chromeOptions: {debuggerAddress: localhost:61718}, javascriptEnabled: true, networkConnectionEnabled: false, pageLoadStrategy: normal, platform: MAC, platformName: MAC, proxy: Proxy(), setWindowRect: true, strictFileInteractability: false, timeouts: {implicit: 0, pageLoad: 300000, script: 30000}, unhandledPromptBehavior: dismiss and notify, webauthn:extension:credBlob: true, webauthn:extension:largeBlob: true, webauthn:extension:minPinLength: true, webauthn:extension:prf: true, webauthn:virtualAuthenticators: true}
Session ID: a01f8d268efba701a18967cf3ce81f8f
*** Element info: {Using=xpath, value=//*[.='LOGIN']}
2023-09-27 21:01:12,084 INFO t.TestBase [TestBase.java:36] Finished test --->loginPositiveTestModel
2023-09-27 21:01:12,084 INFO t.TestBase [TestBase.java:37] ================================================
2023-09-27 21:01:12,086 INFO t.TestBase [TestBase.java:31] Started test --->registrationPositiveTest
2023-09-27 21:01:12,087 INFO m.NGListener [NGListener.java:16] Start of the test ---> registrationPositiveTest
2023-09-27 21:01:12,087 INFO m.WDListener [WDListener.java:21] Start searching element by locator --->By.xpath: //*[.='LOGIN']
2023-09-27 21:01:15,161 INFO m.WDListener [WDListener.java:33] Something went wrong!!!
2023-09-27 21:01:15,161 INFO m.WDListener [WDListener.java:34] no such element: Unable to locate element: {"method":"xpath","selector":"//*[.='LOGIN']"}
  (Session info: chrome=117.0.5938.92)
For documentation on this error, please visit: https://www.seleniumhq.org/exceptions/no_such_element.html
Build info: version: '3.141.59', revision: 'e82be7d358', time: '2018-11-14T08:17:03'
System info: host: 'Elenas-MacBook-Pro.local', ip: '2a06:c701:479f:b100:6434:a6ee:b828:e9af%en0', os.name: 'Mac OS X', os.arch: 'x86_64', os.version: '12.6.1', java.version: '1.8.0_333'
Driver info: org.openqa.selenium.chrome.ChromeDriver
Capabilities {acceptInsecureCerts: false, browserName: chrome, browserVersion: 117.0.5938.92, chrome: {chromedriverVersion: 116.0.5845.96 (1a3918166880..., userDataDir: /var/folders/s_/zy5ffsj13lg...}, fedcm:accounts: true, goog:chromeOptions: {debuggerAddress: localhost:61718}, javascriptEnabled: true, networkConnectionEnabled: false, pageLoadStrategy: normal, platform: MAC, platformName: MAC, proxy: Proxy(), setWindowRect: true, strictFileInteractability: false, timeouts: {implicit: 0, pageLoad: 300000, script: 30000}, unhandledPromptBehavior: dismiss and notify, webauthn:extension:credBlob: true, webauthn:extension:largeBlob: true, webauthn:extension:minPinLength: true, webauthn:extension:prf: true, webauthn:virtualAuthenticators: true}
Session ID: a01f8d268efba701a18967cf3ce81f8f
*** Element info: {Using=xpath, value=//*[.='LOGIN']}
2023-09-27 21:01:15,162 INFO m.WDListener [WDListener.java:35] org.openqa.selenium.NoSuchElementException: no such element: Unable to locate element: {"method":"xpath","selector":"//*[.='LOGIN']"}
  (Session info: chrome=117.0.5938.92)
For documentation on this error, please visit: https://www.seleniumhq.org/exceptions/no_such_element.html
Build info: version: '3.141.59', revision: 'e82be7d358', time: '2018-11-14T08:17:03'
System info: host: 'Elenas-MacBook-Pro.local', ip: '2a06:c701:479f:b100:6434:a6ee:b828:e9af%en0', os.name: 'Mac OS X', os.arch: 'x86_64', os.version: '12.6.1', java.version: '1.8.0_333'
Driver info: org.openqa.selenium.chrome.ChromeDriver
Capabilities {acceptInsecureCerts: false, browserName: chrome, browserVersion: 117.0.5938.92, chrome: {chromedriverVersion: 116.0.5845.96 (1a3918166880..., userDataDir: /var/folders/s_/zy5ffsj13lg...}, fedcm:accounts: true, goog:chromeOptions: {debuggerAddress: localhost:61718}, javascriptEnabled: true, networkConnectionEnabled: false, pageLoadStrategy: normal, platform: MAC, platformName: MAC, proxy: Proxy(), setWindowRect: true, strictFileInteractability: false, timeouts: {implicit: 0, pageLoad: 300000, script: 30000}, unhandledPromptBehavior: dismiss and notify, webauthn:extension:credBlob: true, webauthn:extension:largeBlob: true, webauthn:extension:minPinLength: true, webauthn:extension:prf: true, webauthn:virtualAuthenticators: true}
Session ID: a01f8d268efba701a18967cf3ce81f8f
*** Element info: {Using=xpath, value=//*[.='LOGIN']}
2023-09-27 21:01:15,820 INFO m.WDListener [WDListener.java:40] Here is the path to screenshot with error --->src/test/screenshots/screenshot-75.png
2023-09-27 21:01:15,821 INFO m.NGListener [NGListener.java:28] Failure test ---> org.openqa.selenium.NoSuchElementException: no such element: Unable to locate element: {"method":"xpath","selector":"//*[.='LOGIN']"}
  (Session info: chrome=117.0.5938.92)
For documentation on this error, please visit: https://www.seleniumhq.org/exceptions/no_such_element.html
Build info: version: '3.141.59', revision: 'e82be7d358', time: '2018-11-14T08:17:03'
System info: host: 'Elenas-MacBook-Pro.local', ip: '2a06:c701:479f:b100:6434:a6ee:b828:e9af%en0', os.name: 'Mac OS X', os.arch: 'x86_64', os.version: '12.6.1', java.version: '1.8.0_333'
Driver info: org.openqa.selenium.chrome.ChromeDriver
Capabilities {acceptInsecureCerts: false, browserName: chrome, browserVersion: 117.0.5938.92, chrome: {chromedriverVersion: 116.0.5845.96 (1a3918166880..., userDataDir: /var/folders/s_/zy5ffsj13lg...}, fedcm:accounts: true, goog:chromeOptions: {debuggerAddress: localhost:61718}, javascriptEnabled: true, networkConnectionEnabled: false, pageLoadStrategy: normal, platform: MAC, platformName: MAC, proxy: Proxy(), setWindowRect: true, strictFileInteractability: false, timeouts: {implicit: 0, pageLoad: 300000, script: 30000}, unhandledPromptBehavior: dismiss and notify, webauthn:extension:credBlob: true, webauthn:extension:largeBlob: true, webauthn:extension:minPinLength: true, webauthn:extension:prf: true, webauthn:virtualAuthenticators: true}
Session ID: a01f8d268efba701a18967cf3ce81f8f
*** Element info: {Using=xpath, value=//*[.='LOGIN']}
2023-09-27 21:01:15,821 INFO t.TestBase [TestBase.java:36] Finished test --->registrationPositiveTest
2023-09-27 21:01:15,822 INFO t.TestBase [TestBase.java:37] ================================================
2023-09-27 21:01:15,987 INFO m.ApplicationManager [ApplicationManager.java:34] Tests completed
