2023-10-24 11:23:43,140 INFO m.ApplicationManager [ApplicationManager.java:32] Test started on Chrome
2023-10-24 11:23:43,986 INFO m.ApplicationManager [ApplicationManager.java:39] Navigated to the link --->https://telranedu.web.app/home
2023-10-24 11:23:44,049 INFO t.TestBase [TestBase.java:33] Started test --->registrationPositiveTestCSV
2023-10-24 11:23:44,051 INFO m.WDListener [WDListener.java:21] Start searching element by locator --->By.xpath: //*[.='LOGIN']
2023-10-24 11:23:44,073 INFO m.WDListener [WDListener.java:27] Element with locator --->By.xpath: //*[.='LOGIN']is found
2023-10-24 11:23:44,166 INFO m.WDListener [WDListener.java:21] Start searching element by locator --->By.xpath: //input[1]
2023-10-24 11:23:44,190 INFO m.WDListener [WDListener.java:27] Element with locator --->By.xpath: //input[1]is found
2023-10-24 11:23:44,393 INFO m.WDListener [WDListener.java:21] Start searching element by locator --->By.xpath: //input[2]
2023-10-24 11:23:44,407 INFO m.WDListener [WDListener.java:27] Element with locator --->By.xpath: //input[2]is found
2023-10-24 11:23:44,544 INFO m.WDListener [WDListener.java:21] Start searching element by locator --->By.xpath: //button[2]
2023-10-24 11:23:44,560 INFO m.WDListener [WDListener.java:27] Element with locator --->By.xpath: //button[2]is found
2023-10-24 11:23:47,603 INFO t.TestBase [RegistrationTests.java:31] registrationPositiveTest starts with:nick_17@mail.com & $Nn123456
2023-10-24 11:23:47,604 INFO m.WDListener [WDListener.java:21] Start searching element by locator --->By.tagName: button
2023-10-24 11:23:47,623 INFO m.WDListener [WDListener.java:27] Element with locator --->By.tagName: buttonis found
2023-10-24 11:23:47,627 INFO t.TestBase [TestBase.java:38] Finished test --->registrationPositiveTestCSV
2023-10-24 11:23:47,627 INFO t.TestBase [TestBase.java:39] ================================================
2023-10-24 11:23:47,628 INFO t.TestBase [TestBase.java:33] Started test --->registrationPositiveTestCSV
2023-10-24 11:23:47,629 INFO m.WDListener [WDListener.java:21] Start searching element by locator --->By.xpath: //*[.='LOGIN']
2023-10-24 11:23:50,679 INFO m.WDListener [WDListener.java:33] Something went wrong!!!
2023-10-24 11:23:50,679 INFO m.WDListener [WDListener.java:34] no such element: Unable to locate element: {"method":"xpath","selector":"//*[.='LOGIN']"}
  (Session info: chrome=118.0.5993.96)
For documentation on this error, please visit: https://www.seleniumhq.org/exceptions/no_such_element.html
Build info: version: '3.141.59', revision: 'e82be7d358', time: '2018-11-14T08:17:03'
System info: host: 'Elenas-MacBook-Pro.local', ip: 'fe80:0:0:0:11:3fe2:d05f:74b9%en0', os.name: 'Mac OS X', os.arch: 'x86_64', os.version: '12.6.1', java.version: '1.8.0_333'
Driver info: org.openqa.selenium.chrome.ChromeDriver
Capabilities {acceptInsecureCerts: false, browserName: chrome, browserVersion: 118.0.5993.96, chrome: {chromedriverVersion: 118.0.5993.70 (e52f33f30b91..., userDataDir: /var/folders/s_/zy5ffsj13lg...}, fedcm:accounts: true, goog:chromeOptions: {debuggerAddress: localhost:61102}, javascriptEnabled: true, networkConnectionEnabled: false, pageLoadStrategy: normal, platform: MAC, platformName: MAC, proxy: Proxy(), setWindowRect: true, strictFileInteractability: false, timeouts: {implicit: 0, pageLoad: 300000, script: 30000}, unhandledPromptBehavior: dismiss and notify, webauthn:extension:credBlob: true, webauthn:extension:largeBlob: true, webauthn:extension:minPinLength: true, webauthn:extension:prf: true, webauthn:virtualAuthenticators: true}
Session ID: b9056b3074295f8071d058617c8ec752
*** Element info: {Using=xpath, value=//*[.='LOGIN']}
2023-10-24 11:23:50,679 INFO m.WDListener [WDListener.java:35] org.openqa.selenium.NoSuchElementException: no such element: Unable to locate element: {"method":"xpath","selector":"//*[.='LOGIN']"}
  (Session info: chrome=118.0.5993.96)
For documentation on this error, please visit: https://www.seleniumhq.org/exceptions/no_such_element.html
Build info: version: '3.141.59', revision: 'e82be7d358', time: '2018-11-14T08:17:03'
System info: host: 'Elenas-MacBook-Pro.local', ip: 'fe80:0:0:0:11:3fe2:d05f:74b9%en0', os.name: 'Mac OS X', os.arch: 'x86_64', os.version: '12.6.1', java.version: '1.8.0_333'
Driver info: org.openqa.selenium.chrome.ChromeDriver
Capabilities {acceptInsecureCerts: false, browserName: chrome, browserVersion: 118.0.5993.96, chrome: {chromedriverVersion: 118.0.5993.70 (e52f33f30b91..., userDataDir: /var/folders/s_/zy5ffsj13lg...}, fedcm:accounts: true, goog:chromeOptions: {debuggerAddress: localhost:61102}, javascriptEnabled: true, networkConnectionEnabled: false, pageLoadStrategy: normal, platform: MAC, platformName: MAC, proxy: Proxy(), setWindowRect: true, strictFileInteractability: false, timeouts: {implicit: 0, pageLoad: 300000, script: 30000}, unhandledPromptBehavior: dismiss and notify, webauthn:extension:credBlob: true, webauthn:extension:largeBlob: true, webauthn:extension:minPinLength: true, webauthn:extension:prf: true, webauthn:virtualAuthenticators: true}
Session ID: b9056b3074295f8071d058617c8ec752
*** Element info: {Using=xpath, value=//*[.='LOGIN']}
2023-10-24 11:23:51,350 INFO m.WDListener [WDListener.java:40] Here is the path to screenshot with error --->src/test/screenshots/screenshot-1430.png
2023-10-24 11:23:51,351 INFO t.TestBase [TestBase.java:38] Finished test --->registrationPositiveTestCSV
2023-10-24 11:23:51,351 INFO t.TestBase [TestBase.java:39] ================================================
2023-10-24 11:23:51,352 INFO t.TestBase [TestBase.java:33] Started test --->registrationPositiveTestCSV
2023-10-24 11:23:51,352 INFO m.WDListener [WDListener.java:21] Start searching element by locator --->By.xpath: //*[.='LOGIN']
2023-10-24 11:23:54,382 INFO m.WDListener [WDListener.java:33] Something went wrong!!!
2023-10-24 11:23:54,383 INFO m.WDListener [WDListener.java:34] no such element: Unable to locate element: {"method":"xpath","selector":"//*[.='LOGIN']"}
  (Session info: chrome=118.0.5993.96)
For documentation on this error, please visit: https://www.seleniumhq.org/exceptions/no_such_element.html
Build info: version: '3.141.59', revision: 'e82be7d358', time: '2018-11-14T08:17:03'
System info: host: 'Elenas-MacBook-Pro.local', ip: 'fe80:0:0:0:11:3fe2:d05f:74b9%en0', os.name: 'Mac OS X', os.arch: 'x86_64', os.version: '12.6.1', java.version: '1.8.0_333'
Driver info: org.openqa.selenium.chrome.ChromeDriver
Capabilities {acceptInsecureCerts: false, browserName: chrome, browserVersion: 118.0.5993.96, chrome: {chromedriverVersion: 118.0.5993.70 (e52f33f30b91..., userDataDir: /var/folders/s_/zy5ffsj13lg...}, fedcm:accounts: true, goog:chromeOptions: {debuggerAddress: localhost:61102}, javascriptEnabled: true, networkConnectionEnabled: false, pageLoadStrategy: normal, platform: MAC, platformName: MAC, proxy: Proxy(), setWindowRect: true, strictFileInteractability: false, timeouts: {implicit: 0, pageLoad: 300000, script: 30000}, unhandledPromptBehavior: dismiss and notify, webauthn:extension:credBlob: true, webauthn:extension:largeBlob: true, webauthn:extension:minPinLength: true, webauthn:extension:prf: true, webauthn:virtualAuthenticators: true}
Session ID: b9056b3074295f8071d058617c8ec752
*** Element info: {Using=xpath, value=//*[.='LOGIN']}
2023-10-24 11:23:54,383 INFO m.WDListener [WDListener.java:35] org.openqa.selenium.NoSuchElementException: no such element: Unable to locate element: {"method":"xpath","selector":"//*[.='LOGIN']"}
  (Session info: chrome=118.0.5993.96)
For documentation on this error, please visit: https://www.seleniumhq.org/exceptions/no_such_element.html
Build info: version: '3.141.59', revision: 'e82be7d358', time: '2018-11-14T08:17:03'
System info: host: 'Elenas-MacBook-Pro.local', ip: 'fe80:0:0:0:11:3fe2:d05f:74b9%en0', os.name: 'Mac OS X', os.arch: 'x86_64', os.version: '12.6.1', java.version: '1.8.0_333'
Driver info: org.openqa.selenium.chrome.ChromeDriver
Capabilities {acceptInsecureCerts: false, browserName: chrome, browserVersion: 118.0.5993.96, chrome: {chromedriverVersion: 118.0.5993.70 (e52f33f30b91..., userDataDir: /var/folders/s_/zy5ffsj13lg...}, fedcm:accounts: true, goog:chromeOptions: {debuggerAddress: localhost:61102}, javascriptEnabled: true, networkConnectionEnabled: false, pageLoadStrategy: normal, platform: MAC, platformName: MAC, proxy: Proxy(), setWindowRect: true, strictFileInteractability: false, timeouts: {implicit: 0, pageLoad: 300000, script: 30000}, unhandledPromptBehavior: dismiss and notify, webauthn:extension:credBlob: true, webauthn:extension:largeBlob: true, webauthn:extension:minPinLength: true, webauthn:extension:prf: true, webauthn:virtualAuthenticators: true}
Session ID: b9056b3074295f8071d058617c8ec752
*** Element info: {Using=xpath, value=//*[.='LOGIN']}
2023-10-24 11:23:55,023 INFO m.WDListener [WDListener.java:40] Here is the path to screenshot with error --->src/test/screenshots/screenshot-1434.png
2023-10-24 11:23:55,024 INFO t.TestBase [TestBase.java:38] Finished test --->registrationPositiveTestCSV
2023-10-24 11:23:55,025 INFO t.TestBase [TestBase.java:39] ================================================
2023-10-24 11:23:55,026 INFO t.TestBase [TestBase.java:33] Started test --->registrationPositiveTestCSV
2023-10-24 11:23:55,026 INFO m.WDListener [WDListener.java:21] Start searching element by locator --->By.xpath: //*[.='LOGIN']
2023-10-24 11:23:58,036 INFO m.WDListener [WDListener.java:33] Something went wrong!!!
2023-10-24 11:23:58,037 INFO m.WDListener [WDListener.java:34] no such element: Unable to locate element: {"method":"xpath","selector":"//*[.='LOGIN']"}
  (Session info: chrome=118.0.5993.96)
For documentation on this error, please visit: https://www.seleniumhq.org/exceptions/no_such_element.html
Build info: version: '3.141.59', revision: 'e82be7d358', time: '2018-11-14T08:17:03'
System info: host: 'Elenas-MacBook-Pro.local', ip: 'fe80:0:0:0:11:3fe2:d05f:74b9%en0', os.name: 'Mac OS X', os.arch: 'x86_64', os.version: '12.6.1', java.version: '1.8.0_333'
Driver info: org.openqa.selenium.chrome.ChromeDriver
Capabilities {acceptInsecureCerts: false, browserName: chrome, browserVersion: 118.0.5993.96, chrome: {chromedriverVersion: 118.0.5993.70 (e52f33f30b91..., userDataDir: /var/folders/s_/zy5ffsj13lg...}, fedcm:accounts: true, goog:chromeOptions: {debuggerAddress: localhost:61102}, javascriptEnabled: true, networkConnectionEnabled: false, pageLoadStrategy: normal, platform: MAC, platformName: MAC, proxy: Proxy(), setWindowRect: true, strictFileInteractability: false, timeouts: {implicit: 0, pageLoad: 300000, script: 30000}, unhandledPromptBehavior: dismiss and notify, webauthn:extension:credBlob: true, webauthn:extension:largeBlob: true, webauthn:extension:minPinLength: true, webauthn:extension:prf: true, webauthn:virtualAuthenticators: true}
Session ID: b9056b3074295f8071d058617c8ec752
*** Element info: {Using=xpath, value=//*[.='LOGIN']}
2023-10-24 11:23:58,037 INFO m.WDListener [WDListener.java:35] org.openqa.selenium.NoSuchElementException: no such element: Unable to locate element: {"method":"xpath","selector":"//*[.='LOGIN']"}
  (Session info: chrome=118.0.5993.96)
For documentation on this error, please visit: https://www.seleniumhq.org/exceptions/no_such_element.html
Build info: version: '3.141.59', revision: 'e82be7d358', time: '2018-11-14T08:17:03'
System info: host: 'Elenas-MacBook-Pro.local', ip: 'fe80:0:0:0:11:3fe2:d05f:74b9%en0', os.name: 'Mac OS X', os.arch: 'x86_64', os.version: '12.6.1', java.version: '1.8.0_333'
Driver info: org.openqa.selenium.chrome.ChromeDriver
Capabilities {acceptInsecureCerts: false, browserName: chrome, browserVersion: 118.0.5993.96, chrome: {chromedriverVersion: 118.0.5993.70 (e52f33f30b91..., userDataDir: /var/folders/s_/zy5ffsj13lg...}, fedcm:accounts: true, goog:chromeOptions: {debuggerAddress: localhost:61102}, javascriptEnabled: true, networkConnectionEnabled: false, pageLoadStrategy: normal, platform: MAC, platformName: MAC, proxy: Proxy(), setWindowRect: true, strictFileInteractability: false, timeouts: {implicit: 0, pageLoad: 300000, script: 30000}, unhandledPromptBehavior: dismiss and notify, webauthn:extension:credBlob: true, webauthn:extension:largeBlob: true, webauthn:extension:minPinLength: true, webauthn:extension:prf: true, webauthn:virtualAuthenticators: true}
Session ID: b9056b3074295f8071d058617c8ec752
*** Element info: {Using=xpath, value=//*[.='LOGIN']}
2023-10-24 11:23:58,828 INFO m.WDListener [WDListener.java:40] Here is the path to screenshot with error --->src/test/screenshots/screenshot-1438.png
2023-10-24 11:23:58,832 INFO t.TestBase [TestBase.java:38] Finished test --->registrationPositiveTestCSV
2023-10-24 11:23:58,849 INFO t.TestBase [TestBase.java:39] ================================================
2023-10-24 11:23:58,851 INFO t.TestBase [TestBase.java:33] Started test --->registrationPositiveTestCSV
2023-10-24 11:23:58,852 INFO m.WDListener [WDListener.java:21] Start searching element by locator --->By.xpath: //*[.='LOGIN']
2023-10-24 11:24:01,901 INFO m.WDListener [WDListener.java:33] Something went wrong!!!
2023-10-24 11:24:01,902 INFO m.WDListener [WDListener.java:34] no such element: Unable to locate element: {"method":"xpath","selector":"//*[.='LOGIN']"}
  (Session info: chrome=118.0.5993.96)
For documentation on this error, please visit: https://www.seleniumhq.org/exceptions/no_such_element.html
Build info: version: '3.141.59', revision: 'e82be7d358', time: '2018-11-14T08:17:03'
System info: host: 'Elenas-MacBook-Pro.local', ip: 'fe80:0:0:0:11:3fe2:d05f:74b9%en0', os.name: 'Mac OS X', os.arch: 'x86_64', os.version: '12.6.1', java.version: '1.8.0_333'
Driver info: org.openqa.selenium.chrome.ChromeDriver
Capabilities {acceptInsecureCerts: false, browserName: chrome, browserVersion: 118.0.5993.96, chrome: {chromedriverVersion: 118.0.5993.70 (e52f33f30b91..., userDataDir: /var/folders/s_/zy5ffsj13lg...}, fedcm:accounts: true, goog:chromeOptions: {debuggerAddress: localhost:61102}, javascriptEnabled: true, networkConnectionEnabled: false, pageLoadStrategy: normal, platform: MAC, platformName: MAC, proxy: Proxy(), setWindowRect: true, strictFileInteractability: false, timeouts: {implicit: 0, pageLoad: 300000, script: 30000}, unhandledPromptBehavior: dismiss and notify, webauthn:extension:credBlob: true, webauthn:extension:largeBlob: true, webauthn:extension:minPinLength: true, webauthn:extension:prf: true, webauthn:virtualAuthenticators: true}
Session ID: b9056b3074295f8071d058617c8ec752
*** Element info: {Using=xpath, value=//*[.='LOGIN']}
2023-10-24 11:24:01,902 INFO m.WDListener [WDListener.java:35] org.openqa.selenium.NoSuchElementException: no such element: Unable to locate element: {"method":"xpath","selector":"//*[.='LOGIN']"}
  (Session info: chrome=118.0.5993.96)
For documentation on this error, please visit: https://www.seleniumhq.org/exceptions/no_such_element.html
Build info: version: '3.141.59', revision: 'e82be7d358', time: '2018-11-14T08:17:03'
System info: host: 'Elenas-MacBook-Pro.local', ip: 'fe80:0:0:0:11:3fe2:d05f:74b9%en0', os.name: 'Mac OS X', os.arch: 'x86_64', os.version: '12.6.1', java.version: '1.8.0_333'
Driver info: org.openqa.selenium.chrome.ChromeDriver
Capabilities {acceptInsecureCerts: false, browserName: chrome, browserVersion: 118.0.5993.96, chrome: {chromedriverVersion: 118.0.5993.70 (e52f33f30b91..., userDataDir: /var/folders/s_/zy5ffsj13lg...}, fedcm:accounts: true, goog:chromeOptions: {debuggerAddress: localhost:61102}, javascriptEnabled: true, networkConnectionEnabled: false, pageLoadStrategy: normal, platform: MAC, platformName: MAC, proxy: Proxy(), setWindowRect: true, strictFileInteractability: false, timeouts: {implicit: 0, pageLoad: 300000, script: 30000}, unhandledPromptBehavior: dismiss and notify, webauthn:extension:credBlob: true, webauthn:extension:largeBlob: true, webauthn:extension:minPinLength: true, webauthn:extension:prf: true, webauthn:virtualAuthenticators: true}
Session ID: b9056b3074295f8071d058617c8ec752
*** Element info: {Using=xpath, value=//*[.='LOGIN']}
2023-10-24 11:24:02,749 INFO m.WDListener [WDListener.java:40] Here is the path to screenshot with error --->src/test/screenshots/screenshot-1441.png
2023-10-24 11:24:02,750 INFO t.TestBase [TestBase.java:38] Finished test --->registrationPositiveTestCSV
2023-10-24 11:24:02,750 INFO t.TestBase [TestBase.java:39] ================================================
2023-10-24 11:24:02,954 INFO m.ApplicationManager [ApplicationManager.java:47] Tests completed
